# JRE version: 7.0_11-b21
# Java VM: Java HotSpot(TM) 64-Bit Server VM (23.6-b04 mixed mode windows-amd64 compressed oops)
Heap
 PSYoungGen      total 760192K, used 290687K [0x00000007c0000000, 0x00000007f1680000, 0x0000000800000000)
  eden space 712640K, 36% used [0x00000007c0000000,0x00000007cfe28da8,0x00000007eb7f0000)
  from space 47552K, 63% used [0x00000007ee6f0000,0x00000007f04a70a8,0x00000007f1560000)
  to   space 48128K, 0% used [0x00000007eb7f0000,0x00000007eb7f0000,0x00000007ee6f0000)
 ParOldGen       total 128384K, used 76499K [0x0000000700000000, 0x0000000707d60000, 0x00000007c0000000)
  object space 128384K, 59% used [0x0000000700000000,0x0000000704ab4e40,0x0000000707d60000)
 PSPermGen       total 125440K, used 85354K [0x00000006f8000000, 0x00000006ffa80000, 0x0000000700000000)
  object space 125440K, 68% used [0x00000006f8000000,0x00000006fd35a960,0x00000006ffa80000)
GC Heap History (10 events):
Event: 83.527 GC heap before
{Heap before GC invocations=20 (full 2):
 PSYoungGen      total 598272K, used 587907K [0x00000007c0000000, 0x00000007eb290000, 0x0000000800000000)
  eden space 554304K, 99% used [0x00000007c0000000,0x00000007e1bca6d8,0x00000007e1d50000)
  from space 43968K, 79% used [0x00000007e1d50000,0x00000007e3fa66d8,0x00000007e4840000)
  to   space 47872K, 0% used [0x00000007e83d0000,0x00000007e83d0000,0x00000007eb290000)
 ParOldGen       total 128384K, used 67997K [0x0000000700000000, 0x0000000707d60000, 0x00000007c0000000)
  object space 128384K, 52% used [0x0000000700000000,0x00000007042675d8,0x0000000707d60000)
 PSPermGen       total 125440K, used 85186K [0x00000006f8000000, 0x00000006ffa80000, 0x0000000700000000)
  object space 125440K, 67% used [0x00000006f8000000,0x00000006fd3309a8,0x00000006ffa80000)
Event: 83.552 GC heap after
Heap after GC invocations=20 (full 2):
 PSYoungGen      total 656000K, used 35672K [0x00000007c0000000, 0x00000007eb6f0000, 0x0000000800000000)
  eden space 608128K, 0% used [0x00000007c0000000,0x00000007c0000000,0x00000007e51e0000)
  from space 47872K, 74% used [0x00000007e83d0000,0x00000007ea6a6080,0x00000007eb290000)
  to   space 51136K, 0% used [0x00000007e51e0000,0x00000007e51e0000,0x00000007e83d0000)
 ParOldGen       total 128384K, used 67997K [0x0000000700000000, 0x0000000707d60000, 0x00000007c0000000)
  object space 128384K, 52% used [0x0000000700000000,0x00000007042675d8,0x0000000707d60000)
 PSPermGen       total 125440K, used 85186K [0x00000006f8000000, 0x00000006ffa80000, 0x0000000700000000)
  object space 125440K, 67% used [0x00000006f8000000,0x00000006fd3309a8,0x00000006ffa80000)
}
Event: 87.404 GC heap before
{Heap before GC invocations=21 (full 2):
 PSYoungGen      total 656000K, used 641559K [0x00000007c0000000, 0x00000007eb6f0000, 0x0000000800000000)
  eden space 608128K, 99% used [0x00000007c0000000,0x00000007e4faff48,0x00000007e51e0000)
  from space 47872K, 74% used [0x00000007e83d0000,0x00000007ea6a6080,0x00000007eb290000)
  to   space 51136K, 0% used [0x00000007e51e0000,0x00000007e51e0000,0x00000007e83d0000)
 ParOldGen       total 128384K, used 67997K [0x0000000700000000, 0x0000000707d60000, 0x00000007c0000000)
  object space 128384K, 52% used [0x0000000700000000,0x00000007042675d8,0x0000000707d60000)
 PSPermGen       total 125440K, used 85217K [0x00000006f8000000, 0x00000006ffa80000, 0x0000000700000000)
  object space 125440K, 67% used [0x00000006f8000000,0x00000006fd3386b8,0x00000006ffa80000)
Event: 87.419 GC heap after
Heap after GC invocations=21 (full 2):
 PSYoungGen      total 659264K, used 19438K [0x00000007c0000000, 0x00000007ee560000, 0x0000000800000000)
  eden space 608128K, 0% used [0x00000007c0000000,0x00000007c0000000,0x00000007e51e0000)
  from space 51136K, 38% used [0x00000007e51e0000,0x00000007e64db880,0x00000007e83d0000)
  to   space 48320K, 0% used [0x00000007eb630000,0x00000007eb630000,0x00000007ee560000)
 ParOldGen       total 128384K, used 68005K [0x0000000700000000, 0x0000000707d60000, 0x00000007c0000000)
  object space 128384K, 52% used [0x0000000700000000,0x00000007042695d8,0x0000000707d60000)
 PSPermGen       total 125440K, used 85217K [0x00000006f8000000, 0x00000006ffa80000, 0x0000000700000000)
  object space 125440K, 67% used [0x00000006f8000000,0x00000006fd3386b8,0x00000006ffa80000)
}
Event: 91.439 GC heap before
{Heap before GC invocations=22 (full 2):
 PSYoungGen      total 659264K, used 627442K [0x00000007c0000000, 0x00000007ee560000, 0x0000000800000000)
  eden space 608128K, 99% used [0x00000007c0000000,0x00000007e51c1120,0x00000007e51e0000)
  from space 51136K, 38% used [0x00000007e51e0000,0x00000007e64db880,0x00000007e83d0000)
  to   space 48320K, 0% used [0x00000007eb630000,0x00000007eb630000,0x00000007ee560000)
 ParOldGen       total 128384K, used 68005K [0x0000000700000000, 0x0000000707d60000, 0x00000007c0000000)
  object space 128384K, 52% used [0x0000000700000000,0x00000007042695d8,0x0000000707d60000)
 PSPermGen       total 125440K, used 85243K [0x00000006f8000000, 0x00000006ffa80000, 0x0000000700000000)
  object space 125440K, 67% used [0x00000006f8000000,0x00000006fd33ee28,0x00000006ffa80000)
Event: 91.466 GC heap after
Heap after GC invocations=22 (full 2):
 PSYoungGen      total 708992K, used 33037K [0x00000007c0000000, 0x00000007ee8f0000, 0x0000000800000000)
  eden space 660672K, 0% used [0x00000007c0000000,0x00000007c0000000,0x00000007e8530000)
  from space 48320K, 68% used [0x00000007eb630000,0x00000007ed673708,0x00000007ee560000)
  to   space 50176K, 0% used [0x00000007e8530000,0x00000007e8530000,0x00000007eb630000)
 ParOldGen       total 128384K, used 68005K [0x0000000700000000, 0x0000000707d60000, 0x00000007c0000000)
  object space 128384K, 52% used [0x0000000700000000,0x00000007042695d8,0x0000000707d60000)
 PSPermGen       total 125440K, used 85243K [0x00000006f8000000, 0x00000006ffa80000, 0x0000000700000000)
  object space 125440K, 67% used [0x00000006f8000000,0x00000006fd33ee28,0x00000006ffa80000)
}
Event: 96.095 GC heap before
{Heap before GC invocations=23 (full 2):
 PSYoungGen      total 708992K, used 693094K [0x00000007c0000000, 0x00000007ee8f0000, 0x0000000800000000)
  eden space 660672K, 99% used [0x00000007c0000000,0x00000007e84963e0,0x00000007e8530000)
  from space 48320K, 68% used [0x00000007eb630000,0x00000007ed673708,0x00000007ee560000)
  to   space 50176K, 0% used [0x00000007e8530000,0x00000007e8530000,0x00000007eb630000)
 ParOldGen       total 128384K, used 70832K [0x0000000700000000, 0x0000000707d60000, 0x00000007c0000000)
  object space 128384K, 55% used [0x0000000700000000,0x000000070452c3e8,0x0000000707d60000)
 PSPermGen       total 125440K, used 85272K [0x00000006f8000000, 0x00000006ffa80000, 0x0000000700000000)
  object space 125440K, 67% used [0x00000006f8000000,0x00000006fd346238,0x00000006ffa80000)
Event: 96.108 GC heap after
Heap after GC invocations=23 (full 2):
 PSYoungGen      total 710848K, used 22458K [0x00000007c0000000, 0x00000007f1560000, 0x0000000800000000)
  eden space 660672K, 0% used [0x00000007c0000000,0x00000007c0000000,0x00000007e8530000)
  from space 50176K, 44% used [0x00000007e8530000,0x00000007e9b1ebc8,0x00000007eb630000)
  to   space 47552K, 0% used [0x00000007ee6f0000,0x00000007ee6f0000,0x00000007f1560000)
 ParOldGen       total 128384K, used 70832K [0x0000000700000000, 0x0000000707d60000, 0x00000007c0000000)
  object space 128384K, 55% used [0x0000000700000000,0x000000070452c3e8,0x0000000707d60000)
 PSPermGen       total 125440K, used 85272K [0x00000006f8000000, 0x00000006ffa80000, 0x0000000700000000)
  object space 125440K, 67% used [0x00000006f8000000,0x00000006fd346238,0x00000006ffa80000)
}
Event: 100.916 GC heap before
{Heap before GC invocations=24 (full 2):
 PSYoungGen      total 710848K, used 683130K [0x00000007c0000000, 0x00000007f1560000, 0x0000000800000000)
  eden space 660672K, 100% used [0x00000007c0000000,0x00000007e8530000,0x00000007e8530000)
  from space 50176K, 44% used [0x00000007e8530000,0x00000007e9b1ebc8,0x00000007eb630000)
  to   space 47552K, 0% used [0x00000007ee6f0000,0x00000007ee6f0000,0x00000007f1560000)
 ParOldGen       total 128384K, used 76491K [0x0000000700000000, 0x0000000707d60000, 0x00000007c0000000)
  object space 128384K, 59% used [0x0000000700000000,0x0000000704ab2e40,0x0000000707d60000)
 PSPermGen       total 125440K, used 85310K [0x00000006f8000000, 0x00000006ffa80000, 0x0000000700000000)
  object space 125440K, 68% used [0x00000006f8000000,0x00000006fd34f8a0,0x00000006ffa80000)
Event: 100.943 GC heap after
Heap after GC invocations=24 (full 2):
 PSYoungGen      total 760192K, used 30428K [0x00000007c0000000, 0x00000007f1680000, 0x0000000800000000)
  eden space 712640K, 0% used [0x00000007c0000000,0x00000007c0000000,0x00000007eb7f0000)
  from space 47552K, 63% used [0x00000007ee6f0000,0x00000007f04a70a8,0x00000007f1560000)
  to   space 48128K, 0% used [0x00000007eb7f0000,0x00000007eb7f0000,0x00000007ee6f0000)
 ParOldGen       total 128384K, used 76499K [0x0000000700000000, 0x0000000707d60000, 0x00000007c0000000)
  object space 128384K, 59% used [0x0000000700000000,0x0000000704ab4e40,0x0000000707d60000)
 PSPermGen       total 125440K, used 85310K [0x00000006f8000000, 0x00000006ffa80000, 0x0000000700000000)
  object space 125440K, 68% used [0x00000006f8000000,0x00000006fd34f8a0,0x00000006ffa80000)
}

