# JRE version: 7.0_11-b21
# Java VM: Java HotSpot(TM) 64-Bit Server VM (23.6-b04 mixed mode windows-amd64 compressed oops)
Heap
 PSYoungGen      total 98240K, used 76708K [0x00000000fa000000, 0x0000000100000000, 0x0000000100000000)
  eden space 98176K, 78% used [0x00000000fa000000,0x00000000feae9310,0x00000000fffe0000)
  from space 64K, 0% used [0x00000000ffff0000,0x00000000ffff0000,0x0000000100000000)
  to   space 64K, 0% used [0x00000000fffe0000,0x00000000fffe0000,0x00000000ffff0000)
 ParOldGen       total 107392K, used 64051K [0x00000000e8000000, 0x00000000ee8e0000, 0x00000000fa000000)
  object space 107392K, 59% used [0x00000000e8000000,0x00000000ebe8ceb8,0x00000000ee8e0000)
 PSPermGen       total 113600K, used 70553K [0x00000000e0000000, 0x00000000e6ef0000, 0x00000000e8000000)
  object space 113600K, 62% used [0x00000000e0000000,0x00000000e44e67b0,0x00000000e6ef0000)
GC Heap History (10 events):
Event: 57.634 GC heap before
{Heap before GC invocations=1430 (full 6):
 PSYoungGen      total 98240K, used 98176K [0x00000000fa000000, 0x0000000100000000, 0x0000000100000000)
  eden space 98176K, 100% used [0x00000000fa000000,0x00000000fffe0000,0x00000000fffe0000)
  from space 64K, 0% used [0x00000000fffe0000,0x00000000fffe0000,0x00000000ffff0000)
  to   space 64K, 0% used [0x00000000ffff0000,0x00000000ffff0000,0x0000000100000000)
 ParOldGen       total 107392K, used 64051K [0x00000000e8000000, 0x00000000ee8e0000, 0x00000000fa000000)
  object space 107392K, 59% used [0x00000000e8000000,0x00000000ebe8ceb8,0x00000000ee8e0000)
 PSPermGen       total 113600K, used 70540K [0x00000000e0000000, 0x00000000e6ef0000, 0x00000000e8000000)
  object space 113600K, 62% used [0x00000000e0000000,0x00000000e44e33b0,0x00000000e6ef0000)
Event: 57.635 GC heap after
Heap after GC invocations=1430 (full 6):
 PSYoungGen      total 98240K, used 0K [0x00000000fa000000, 0x0000000100000000, 0x0000000100000000)
  eden space 98176K, 0% used [0x00000000fa000000,0x00000000fa000000,0x00000000fffe0000)
  from space 64K, 0% used [0x00000000ffff0000,0x00000000ffff0000,0x0000000100000000)
  to   space 64K, 0% used [0x00000000fffe0000,0x00000000fffe0000,0x00000000ffff0000)
 ParOldGen       total 107392K, used 64051K [0x00000000e8000000, 0x00000000ee8e0000, 0x00000000fa000000)
  object space 107392K, 59% used [0x00000000e8000000,0x00000000ebe8ceb8,0x00000000ee8e0000)
 PSPermGen       total 113600K, used 70540K [0x00000000e0000000, 0x00000000e6ef0000, 0x00000000e8000000)
  object space 113600K, 62% used [0x00000000e0000000,0x00000000e44e33b0,0x00000000e6ef0000)
}
Event: 57.640 GC heap before
{Heap before GC invocations=1431 (full 6):
 PSYoungGen      total 98240K, used 98176K [0x00000000fa000000, 0x0000000100000000, 0x0000000100000000)
  eden space 98176K, 100% used [0x00000000fa000000,0x00000000fffe0000,0x00000000fffe0000)
  from space 64K, 0% used [0x00000000ffff0000,0x00000000ffff0000,0x0000000100000000)
  to   space 64K, 0% used [0x00000000fffe0000,0x00000000fffe0000,0x00000000ffff0000)
 ParOldGen       total 107392K, used 64051K [0x00000000e8000000, 0x00000000ee8e0000, 0x00000000fa000000)
  object space 107392K, 59% used [0x00000000e8000000,0x00000000ebe8ceb8,0x00000000ee8e0000)
 PSPermGen       total 113600K, used 70540K [0x00000000e0000000, 0x00000000e6ef0000, 0x00000000e8000000)
  object space 113600K, 62% used [0x00000000e0000000,0x00000000e44e33b0,0x00000000e6ef0000)
Event: 57.641 GC heap after
Heap after GC invocations=1431 (full 6):
 PSYoungGen      total 98240K, used 0K [0x00000000fa000000, 0x0000000100000000, 0x0000000100000000)
  eden space 98176K, 0% used [0x00000000fa000000,0x00000000fa000000,0x00000000fffe0000)
  from space 64K, 0% used [0x00000000fffe0000,0x00000000fffe0000,0x00000000ffff0000)
  to   space 64K, 0% used [0x00000000ffff0000,0x00000000ffff0000,0x0000000100000000)
 ParOldGen       total 107392K, used 64051K [0x00000000e8000000, 0x00000000ee8e0000, 0x00000000fa000000)
  object space 107392K, 59% used [0x00000000e8000000,0x00000000ebe8ceb8,0x00000000ee8e0000)
 PSPermGen       total 113600K, used 70540K [0x00000000e0000000, 0x00000000e6ef0000, 0x00000000e8000000)
  object space 113600K, 62% used [0x00000000e0000000,0x00000000e44e33b0,0x00000000e6ef0000)
}
Event: 57.646 GC heap before
{Heap before GC invocations=1432 (full 6):
 PSYoungGen      total 98240K, used 98176K [0x00000000fa000000, 0x0000000100000000, 0x0000000100000000)
  eden space 98176K, 100% used [0x00000000fa000000,0x00000000fffe0000,0x00000000fffe0000)
  from space 64K, 0% used [0x00000000fffe0000,0x00000000fffe0000,0x00000000ffff0000)
  to   space 64K, 0% used [0x00000000ffff0000,0x00000000ffff0000,0x0000000100000000)
 ParOldGen       total 107392K, used 64051K [0x00000000e8000000, 0x00000000ee8e0000, 0x00000000fa000000)
  object space 107392K, 59% used [0x00000000e8000000,0x00000000ebe8ceb8,0x00000000ee8e0000)
 PSPermGen       total 113600K, used 70540K [0x00000000e0000000, 0x00000000e6ef0000, 0x00000000e8000000)
  object space 113600K, 62% used [0x00000000e0000000,0x00000000e44e33b0,0x00000000e6ef0000)
Event: 57.647 GC heap after
Heap after GC invocations=1432 (full 6):
 PSYoungGen      total 98240K, used 0K [0x00000000fa000000, 0x0000000100000000, 0x0000000100000000)
  eden space 98176K, 0% used [0x00000000fa000000,0x00000000fa000000,0x00000000fffe0000)
  from space 64K, 0% used [0x00000000ffff0000,0x00000000ffff0000,0x0000000100000000)
  to   space 64K, 0% used [0x00000000fffe0000,0x00000000fffe0000,0x00000000ffff0000)
 ParOldGen       total 107392K, used 64051K [0x00000000e8000000, 0x00000000ee8e0000, 0x00000000fa000000)
  object space 107392K, 59% used [0x00000000e8000000,0x00000000ebe8ceb8,0x00000000ee8e0000)
 PSPermGen       total 113600K, used 70540K [0x00000000e0000000, 0x00000000e6ef0000, 0x00000000e8000000)
  object space 113600K, 62% used [0x00000000e0000000,0x00000000e44e33b0,0x00000000e6ef0000)
}
Event: 57.652 GC heap before
{Heap before GC invocations=1433 (full 6):
 PSYoungGen      total 98240K, used 98176K [0x00000000fa000000, 0x0000000100000000, 0x0000000100000000)
  eden space 98176K, 100% used [0x00000000fa000000,0x00000000fffe0000,0x00000000fffe0000)
  from space 64K, 0% used [0x00000000ffff0000,0x00000000ffff0000,0x0000000100000000)
  to   space 64K, 0% used [0x00000000fffe0000,0x00000000fffe0000,0x00000000ffff0000)
 ParOldGen       total 107392K, used 64051K [0x00000000e8000000, 0x00000000ee8e0000, 0x00000000fa000000)
  object space 107392K, 59% used [0x00000000e8000000,0x00000000ebe8ceb8,0x00000000ee8e0000)
 PSPermGen       total 113600K, used 70540K [0x00000000e0000000, 0x00000000e6ef0000, 0x00000000e8000000)
  object space 113600K, 62% used [0x00000000e0000000,0x00000000e44e33b0,0x00000000e6ef0000)
Event: 57.653 GC heap after
Heap after GC invocations=1433 (full 6):
 PSYoungGen      total 98240K, used 0K [0x00000000fa000000, 0x0000000100000000, 0x0000000100000000)
  eden space 98176K, 0% used [0x00000000fa000000,0x00000000fa000000,0x00000000fffe0000)
  from space 64K, 0% used [0x00000000fffe0000,0x00000000fffe0000,0x00000000ffff0000)
  to   space 64K, 0% used [0x00000000ffff0000,0x00000000ffff0000,0x0000000100000000)
 ParOldGen       total 107392K, used 64051K [0x00000000e8000000, 0x00000000ee8e0000, 0x00000000fa000000)
  object space 107392K, 59% used [0x00000000e8000000,0x00000000ebe8ceb8,0x00000000ee8e0000)
 PSPermGen       total 113600K, used 70540K [0x00000000e0000000, 0x00000000e6ef0000, 0x00000000e8000000)
  object space 113600K, 62% used [0x00000000e0000000,0x00000000e44e33b0,0x00000000e6ef0000)
}
Event: 57.658 GC heap before
{Heap before GC invocations=1434 (full 6):
 PSYoungGen      total 98240K, used 98176K [0x00000000fa000000, 0x0000000100000000, 0x0000000100000000)
  eden space 98176K, 100% used [0x00000000fa000000,0x00000000fffe0000,0x00000000fffe0000)
  from space 64K, 0% used [0x00000000fffe0000,0x00000000fffe0000,0x00000000ffff0000)
  to   space 64K, 0% used [0x00000000ffff0000,0x00000000ffff0000,0x0000000100000000)
 ParOldGen       total 107392K, used 64051K [0x00000000e8000000, 0x00000000ee8e0000, 0x00000000fa000000)
  object space 107392K, 59% used [0x00000000e8000000,0x00000000ebe8ceb8,0x00000000ee8e0000)
 PSPermGen       total 113600K, used 70540K [0x00000000e0000000, 0x00000000e6ef0000, 0x00000000e8000000)
  object space 113600K, 62% used [0x00000000e0000000,0x00000000e44e33b0,0x00000000e6ef0000)
Event: 57.660 GC heap after
Heap after GC invocations=1434 (full 6):
 PSYoungGen      total 98240K, used 0K [0x00000000fa000000, 0x0000000100000000, 0x0000000100000000)
  eden space 98176K, 0% used [0x00000000fa000000,0x00000000fa000000,0x00000000fffe0000)
  from space 64K, 0% used [0x00000000ffff0000,0x00000000ffff0000,0x0000000100000000)
  to   space 64K, 0% used [0x00000000fffe0000,0x00000000fffe0000,0x00000000ffff0000)
 ParOldGen       total 107392K, used 64051K [0x00000000e8000000, 0x00000000ee8e0000, 0x00000000fa000000)
  object space 107392K, 59% used [0x00000000e8000000,0x00000000ebe8ceb8,0x00000000ee8e0000)
 PSPermGen       total 113600K, used 70540K [0x00000000e0000000, 0x00000000e6ef0000, 0x00000000e8000000)
  object space 113600K, 62% used [0x00000000e0000000,0x00000000e44e33b0,0x00000000e6ef0000)
}

