# JRE version: 7.0_11-b21
# Java VM: Java HotSpot(TM) 64-Bit Server VM (23.6-b04 mixed mode windows-amd64 compressed oops)
Heap
 PSYoungGen      total 268416K, used 80787K [0x00000007c0000000, 0x00000007d4fe0000, 0x0000000800000000)
  eden space 261440K, 28% used [0x00000007c0000000,0x00000007c481f320,0x00000007cff50000)
  from space 6976K, 99% used [0x00000007d4010000,0x00000007d46d5c20,0x00000007d46e0000)
  to   space 9216K, 0% used [0x00000007d46e0000,0x00000007d46e0000,0x00000007d4fe0000)
 ParOldGen       total 222848K, used 104054K [0x0000000700000000, 0x000000070d9a0000, 0x00000007c0000000)
  object space 222848K, 46% used [0x0000000700000000,0x000000070659d820,0x000000070d9a0000)
 PSPermGen       total 101184K, used 88455K [0x00000006f8000000, 0x00000006fe2d0000, 0x0000000700000000)
  object space 101184K, 87% used [0x00000006f8000000,0x00000006fd661f80,0x00000006fe2d0000)
GC Heap History (10 events):
Event: 3917.539 GC heap before
{Heap before GC invocations=494 (full 17):
 PSYoungGen      total 200960K, used 200828K [0x00000007c0000000, 0x00000007d67b0000, 0x0000000800000000)
  eden space 194304K, 99% used [0x00000007c0000000,0x00000007cbda9640,0x00000007cbdc0000)
  from space 6656K, 99% used [0x00000007d6130000,0x00000007d67a5c20,0x00000007d67b0000)
  to   space 11904K, 0% used [0x00000007d5070000,0x00000007d5070000,0x00000007d5c10000)
 ParOldGen       total 222848K, used 101210K [0x0000000700000000, 0x000000070d9a0000, 0x00000007c0000000)
  object space 222848K, 45% used [0x0000000700000000,0x00000007062d6a10,0x000000070d9a0000)
 PSPermGen       total 101184K, used 88450K [0x00000006f8000000, 0x00000006fe2d0000, 0x0000000700000000)
  object space 101184K, 87% used [0x00000006f8000000,0x00000006fd660b10,0x00000006fe2d0000)
Event: 3917.546 GC heap after
Heap after GC invocations=494 (full 17):
 PSYoungGen      total 226944K, used 6711K [0x00000007c0000000, 0x00000007d6140000, 0x0000000800000000)
  eden space 220224K, 0% used [0x00000007c0000000,0x00000007c0000000,0x00000007cd710000)
  from space 6720K, 99% used [0x00000007d5070000,0x00000007d56fdc20,0x00000007d5700000)
  to   space 10496K, 0% used [0x00000007d5700000,0x00000007d5700000,0x00000007d6140000)
 ParOldGen       total 222848K, used 101210K [0x0000000700000000, 0x000000070d9a0000, 0x00000007c0000000)
  object space 222848K, 45% used [0x0000000700000000,0x00000007062d6a10,0x000000070d9a0000)
 PSPermGen       total 101184K, used 88450K [0x00000006f8000000, 0x00000006fe2d0000, 0x0000000700000000)
  object space 101184K, 87% used [0x00000006f8000000,0x00000006fd660b10,0x00000006fe2d0000)
}
Event: 3918.680 GC heap before
{Heap before GC invocations=495 (full 17):
 PSYoungGen      total 226944K, used 226935K [0x00000007c0000000, 0x00000007d6140000, 0x0000000800000000)
  eden space 220224K, 100% used [0x00000007c0000000,0x00000007cd710000,0x00000007cd710000)
  from space 6720K, 99% used [0x00000007d5070000,0x00000007d56fdc20,0x00000007d5700000)
  to   space 10496K, 0% used [0x00000007d5700000,0x00000007d5700000,0x00000007d6140000)
 ParOldGen       total 222848K, used 101210K [0x0000000700000000, 0x000000070d9a0000, 0x00000007c0000000)
  object space 222848K, 45% used [0x0000000700000000,0x00000007062d6a10,0x000000070d9a0000)
 PSPermGen       total 101184K, used 88450K [0x00000006f8000000, 0x00000006fe2d0000, 0x0000000700000000)
  object space 101184K, 87% used [0x00000006f8000000,0x00000006fd660b30,0x00000006fe2d0000)
Event: 3918.686 GC heap after
Heap after GC invocations=495 (full 17):
 PSYoungGen      total 258432K, used 9602K [0x00000007c0000000, 0x00000007d6070000, 0x0000000800000000)
  eden space 248768K, 0% used [0x00000007c0000000,0x00000007c0000000,0x00000007cf2f0000)
  from space 9664K, 99% used [0x00000007d5700000,0x00000007d6060a30,0x00000007d6070000)
  to   space 11968K, 0% used [0x00000007d4910000,0x00000007d4910000,0x00000007d54c0000)
 ParOldGen       total 222848K, used 101226K [0x0000000700000000, 0x000000070d9a0000, 0x00000007c0000000)
  object space 222848K, 45% used [0x0000000700000000,0x00000007062daa10,0x000000070d9a0000)
 PSPermGen       total 101184K, used 88450K [0x00000006f8000000, 0x00000006fe2d0000, 0x0000000700000000)
  object space 101184K, 87% used [0x00000006f8000000,0x00000006fd660b30,0x00000006fe2d0000)
}
Event: 3919.940 GC heap before
{Heap before GC invocations=496 (full 17):
 PSYoungGen      total 258432K, used 256482K [0x00000007c0000000, 0x00000007d6070000, 0x0000000800000000)
  eden space 248768K, 99% used [0x00000007c0000000,0x00000007cf117e50,0x00000007cf2f0000)
  from space 9664K, 99% used [0x00000007d5700000,0x00000007d6060a30,0x00000007d6070000)
  to   space 11968K, 0% used [0x00000007d4910000,0x00000007d4910000,0x00000007d54c0000)
 ParOldGen       total 222848K, used 101226K [0x0000000700000000, 0x000000070d9a0000, 0x00000007c0000000)
  object space 222848K, 45% used [0x0000000700000000,0x00000007062daa10,0x000000070d9a0000)
 PSPermGen       total 101184K, used 88450K [0x00000006f8000000, 0x00000006fe2d0000, 0x0000000700000000)
  object space 101184K, 87% used [0x00000006f8000000,0x00000006fd660b30,0x00000006fe2d0000)
Event: 3919.949 GC heap after
Heap after GC invocations=496 (full 17):
 PSYoungGen      total 287488K, used 6903K [0x00000007c0000000, 0x00000007d5710000, 0x0000000800000000)
  eden space 280576K, 0% used [0x00000007c0000000,0x00000007c0000000,0x00000007d1200000)
  from space 6912K, 99% used [0x00000007d4910000,0x00000007d4fcdc20,0x00000007d4fd0000)
  to   space 7424K, 0% used [0x00000007d4fd0000,0x00000007d4fd0000,0x00000007d5710000)
 ParOldGen       total 222848K, used 101226K [0x0000000700000000, 0x000000070d9a0000, 0x00000007c0000000)
  object space 222848K, 45% used [0x0000000700000000,0x00000007062daa10,0x000000070d9a0000)
 PSPermGen       total 101184K, used 88450K [0x00000006f8000000, 0x00000006fe2d0000, 0x0000000700000000)
  object space 101184K, 87% used [0x00000006f8000000,0x00000006fd660b30,0x00000006fe2d0000)
}
Event: 3921.341 GC heap before
{Heap before GC invocations=497 (full 17):
 PSYoungGen      total 287488K, used 285115K [0x00000007c0000000, 0x00000007d5710000, 0x0000000800000000)
  eden space 280576K, 99% used [0x00000007c0000000,0x00000007d0fb10a0,0x00000007d1200000)
  from space 6912K, 99% used [0x00000007d4910000,0x00000007d4fcdc20,0x00000007d4fd0000)
  to   space 7424K, 0% used [0x00000007d4fd0000,0x00000007d4fd0000,0x00000007d5710000)
 ParOldGen       total 222848K, used 101226K [0x0000000700000000, 0x000000070d9a0000, 0x00000007c0000000)
  object space 222848K, 45% used [0x0000000700000000,0x00000007062daa10,0x000000070d9a0000)
 PSPermGen       total 101184K, used 88450K [0x00000006f8000000, 0x00000006fe2d0000, 0x0000000700000000)
  object space 101184K, 87% used [0x00000006f8000000,0x00000006fd660b30,0x00000006fe2d0000)
Event: 3921.347 GC heap after
Heap after GC invocations=497 (full 17):
 PSYoungGen      total 277824K, used 6999K [0x00000007c0000000, 0x00000007d56b0000, 0x0000000800000000)
  eden space 270784K, 0% used [0x00000007c0000000,0x00000007c0000000,0x00000007d0870000)
  from space 7040K, 99% used [0x00000007d4fd0000,0x00000007d56a5c20,0x00000007d56b0000)
  to   space 11584K, 0% used [0x00000007d4010000,0x00000007d4010000,0x00000007d4b60000)
 ParOldGen       total 222848K, used 101226K [0x0000000700000000, 0x000000070d9a0000, 0x00000007c0000000)
  object space 222848K, 45% used [0x0000000700000000,0x00000007062daa10,0x000000070d9a0000)
 PSPermGen       total 101184K, used 88450K [0x00000006f8000000, 0x00000006fe2d0000, 0x0000000700000000)
  object space 101184K, 87% used [0x00000006f8000000,0x00000006fd660b30,0x00000006fe2d0000)
}
Event: 3922.693 GC heap before
{Heap before GC invocations=498 (full 17):
 PSYoungGen      total 277824K, used 276454K [0x00000007c0000000, 0x00000007d56b0000, 0x0000000800000000)
  eden space 270784K, 99% used [0x00000007c0000000,0x00000007d0723f20,0x00000007d0870000)
  from space 7040K, 99% used [0x00000007d4fd0000,0x00000007d56a5c20,0x00000007d56b0000)
  to   space 11584K, 0% used [0x00000007d4010000,0x00000007d4010000,0x00000007d4b60000)
 ParOldGen       total 222848K, used 104054K [0x0000000700000000, 0x000000070d9a0000, 0x00000007c0000000)
  object space 222848K, 46% used [0x0000000700000000,0x000000070659d820,0x000000070d9a0000)
 PSPermGen       total 101184K, used 88455K [0x00000006f8000000, 0x00000006fe2d0000, 0x0000000700000000)
  object space 101184K, 87% used [0x00000006f8000000,0x00000006fd661e40,0x00000006fe2d0000)
Event: 3922.700 GC heap after
Heap after GC invocations=498 (full 17):
 PSYoungGen      total 268416K, used 6935K [0x00000007c0000000, 0x00000007d4fe0000, 0x0000000800000000)
  eden space 261440K, 0% used [0x00000007c0000000,0x00000007c0000000,0x00000007cff50000)
  from space 6976K, 99% used [0x00000007d4010000,0x00000007d46d5c20,0x00000007d46e0000)
  to   space 9216K, 0% used [0x00000007d46e0000,0x00000007d46e0000,0x00000007d4fe0000)
 ParOldGen       total 222848K, used 104054K [0x0000000700000000, 0x000000070d9a0000, 0x00000007c0000000)
  object space 222848K, 46% used [0x0000000700000000,0x000000070659d820,0x000000070d9a0000)
 PSPermGen       total 101184K, used 88455K [0x00000006f8000000, 0x00000006fe2d0000, 0x0000000700000000)
  object space 101184K, 87% used [0x00000006f8000000,0x00000006fd661e40,0x00000006fe2d0000)
}

