# JRE version: 7.0_11-b21
# Java VM: Java HotSpot(TM) 64-Bit Server VM (23.6-b04 mixed mode windows-amd64 compressed oops)
Heap
 PSYoungGen      total 488960K, used 163632K [0x00000007c0000000, 0x00000007f1690000, 0x0000000800000000)
  eden space 488768K, 33% used [0x00000007c0000000,0x00000007c9f9c350,0x00000007ddd50000)
  from space 192K, 100% used [0x00000007f1660000,0x00000007f1690000,0x00000007f1690000)
  to   space 41856K, 0% used [0x00000007ec4d0000,0x00000007ec4d0000,0x00000007eedb0000)
 ParOldGen       total 145408K, used 83225K [0x0000000700000000, 0x0000000708e00000, 0x00000007c0000000)
  object space 145408K, 57% used [0x0000000700000000,0x0000000705146460,0x0000000708e00000)
 PSPermGen       total 131072K, used 89180K [0x00000006f8000000, 0x0000000700000000, 0x0000000700000000)
  object space 131072K, 68% used [0x00000006f8000000,0x00000006fd717340,0x0000000700000000)
GC Heap History (10 events):
Event: 3810.200 GC heap before
{Heap before GC invocations=66 (full 4):
 PSYoungGen      total 619648K, used 619616K [0x00000007c0000000, 0x00000007f9510000, 0x0000000800000000)
  eden space 619456K, 100% used [0x00000007c0000000,0x00000007e5cf0000,0x00000007e5cf0000)
  from space 192K, 83% used [0x00000007f5880000,0x00000007f58a8000,0x00000007f58b0000)
  to   space 43136K, 0% used [0x00000007f6af0000,0x00000007f6af0000,0x00000007f9510000)
 ParOldGen       total 145408K, used 83225K [0x0000000700000000, 0x0000000708e00000, 0x00000007c0000000)
  object space 145408K, 57% used [0x0000000700000000,0x0000000705146460,0x0000000708e00000)
 PSPermGen       total 131072K, used 89114K [0x00000006f8000000, 0x0000000700000000, 0x0000000700000000)
  object space 131072K, 67% used [0x00000006f8000000,0x00000006fd706b50,0x0000000700000000)
Event: 3810.209 GC heap after
Heap after GC invocations=66 (full 4):
 PSYoungGen      total 590784K, used 160K [0x00000007c0000000, 0x00000007f6b20000, 0x0000000800000000)
  eden space 590592K, 0% used [0x00000007c0000000,0x00000007c0000000,0x00000007e40c0000)
  from space 192K, 83% used [0x00000007f6af0000,0x00000007f6b18000,0x00000007f6b20000)
  to   space 43776K, 0% used [0x00000007f15a0000,0x00000007f15a0000,0x00000007f4060000)
 ParOldGen       total 145408K, used 83225K [0x0000000700000000, 0x0000000708e00000, 0x00000007c0000000)
  object space 145408K, 57% used [0x0000000700000000,0x0000000705146460,0x0000000708e00000)
 PSPermGen       total 131072K, used 89114K [0x00000006f8000000, 0x0000000700000000, 0x0000000700000000)
  object space 131072K, 67% used [0x00000006f8000000,0x00000006fd706b50,0x0000000700000000)
}
Event: 4457.872 GC heap before
{Heap before GC invocations=67 (full 4):
 PSYoungGen      total 590784K, used 590752K [0x00000007c0000000, 0x00000007f6b20000, 0x0000000800000000)
  eden space 590592K, 100% used [0x00000007c0000000,0x00000007e40c0000,0x00000007e40c0000)
  from space 192K, 83% used [0x00000007f6af0000,0x00000007f6b18000,0x00000007f6b20000)
  to   space 43776K, 0% used [0x00000007f15a0000,0x00000007f15a0000,0x00000007f4060000)
 ParOldGen       total 145408K, used 83225K [0x0000000700000000, 0x0000000708e00000, 0x00000007c0000000)
  object space 145408K, 57% used [0x0000000700000000,0x0000000705146460,0x0000000708e00000)
 PSPermGen       total 131072K, used 89118K [0x00000006f8000000, 0x0000000700000000, 0x0000000700000000)
  object space 131072K, 67% used [0x00000006f8000000,0x00000006fd707bc8,0x0000000700000000)
Event: 4457.879 GC heap after
Heap after GC invocations=67 (full 4):
 PSYoungGen      total 563328K, used 192K [0x00000007c0000000, 0x00000007f6b00000, 0x0000000800000000)
  eden space 563136K, 0% used [0x00000007c0000000,0x00000007c0000000,0x00000007e25f0000)
  from space 192K, 100% used [0x00000007f15a0000,0x00000007f15d0000,0x00000007f15d0000)
  to   space 43904K, 0% used [0x00000007f4020000,0x00000007f4020000,0x00000007f6b00000)
 ParOldGen       total 145408K, used 83225K [0x0000000700000000, 0x0000000708e00000, 0x00000007c0000000)
  object space 145408K, 57% used [0x0000000700000000,0x0000000705146460,0x0000000708e00000)
 PSPermGen       total 131072K, used 89118K [0x00000006f8000000, 0x0000000700000000, 0x0000000700000000)
  object space 131072K, 67% used [0x00000006f8000000,0x00000006fd707bc8,0x0000000700000000)
}
Event: 5162.831 GC heap before
{Heap before GC invocations=68 (full 4):
 PSYoungGen      total 563328K, used 563328K [0x00000007c0000000, 0x00000007f6b00000, 0x0000000800000000)
  eden space 563136K, 100% used [0x00000007c0000000,0x00000007e25f0000,0x00000007e25f0000)
  from space 192K, 100% used [0x00000007f15a0000,0x00000007f15d0000,0x00000007f15d0000)
  to   space 43904K, 0% used [0x00000007f4020000,0x00000007f4020000,0x00000007f6b00000)
 ParOldGen       total 145408K, used 83225K [0x0000000700000000, 0x0000000708e00000, 0x00000007c0000000)
  object space 145408K, 57% used [0x0000000700000000,0x0000000705146460,0x0000000708e00000)
 PSPermGen       total 131072K, used 89119K [0x00000006f8000000, 0x0000000700000000, 0x0000000700000000)
  object space 131072K, 67% used [0x00000006f8000000,0x00000006fd707eb0,0x0000000700000000)
Event: 5162.844 GC heap after
Heap after GC invocations=68 (full 4):
 PSYoungGen      total 537280K, used 192K [0x00000007c0000000, 0x00000007f4050000, 0x0000000800000000)
  eden space 537088K, 0% used [0x00000007c0000000,0x00000007c0000000,0x00000007e0c80000)
  from space 192K, 100% used [0x00000007f4020000,0x00000007f4050000,0x00000007f4050000)
  to   space 43520K, 0% used [0x00000007eeb50000,0x00000007eeb50000,0x00000007f15d0000)
 ParOldGen       total 145408K, used 83225K [0x0000000700000000, 0x0000000708e00000, 0x00000007c0000000)
  object space 145408K, 57% used [0x0000000700000000,0x0000000705146460,0x0000000708e00000)
 PSPermGen       total 131072K, used 89119K [0x00000006f8000000, 0x0000000700000000, 0x0000000700000000)
  object space 131072K, 67% used [0x00000006f8000000,0x00000006fd707eb0,0x0000000700000000)
}
Event: 5613.667 GC heap before
{Heap before GC invocations=69 (full 4):
 PSYoungGen      total 537280K, used 537280K [0x00000007c0000000, 0x00000007f4050000, 0x0000000800000000)
  eden space 537088K, 100% used [0x00000007c0000000,0x00000007e0c80000,0x00000007e0c80000)
  from space 192K, 100% used [0x00000007f4020000,0x00000007f4050000,0x00000007f4050000)
  to   space 43520K, 0% used [0x00000007eeb50000,0x00000007eeb50000,0x00000007f15d0000)
 ParOldGen       total 145408K, used 83225K [0x0000000700000000, 0x0000000708e00000, 0x00000007c0000000)
  object space 145408K, 57% used [0x0000000700000000,0x0000000705146460,0x0000000708e00000)
 PSPermGen       total 131072K, used 89119K [0x00000006f8000000, 0x0000000700000000, 0x0000000700000000)
  object space 131072K, 67% used [0x00000006f8000000,0x00000006fd707eb0,0x0000000700000000)
Event: 5613.674 GC heap after
Heap after GC invocations=69 (full 4):
 PSYoungGen      total 555840K, used 160K [0x00000007c0000000, 0x00000007f4030000, 0x0000000800000000)
  eden space 512320K, 0% used [0x00000007c0000000,0x00000007c0000000,0x00000007df450000)
  from space 43520K, 0% used [0x00000007eeb50000,0x00000007eeb78000,0x00000007f15d0000)
  to   space 42816K, 0% used [0x00000007f1660000,0x00000007f1660000,0x00000007f4030000)
 ParOldGen       total 145408K, used 83225K [0x0000000700000000, 0x0000000708e00000, 0x00000007c0000000)
  object space 145408K, 57% used [0x0000000700000000,0x0000000705146460,0x0000000708e00000)
 PSPermGen       total 131072K, used 89119K [0x00000006f8000000, 0x0000000700000000, 0x0000000700000000)
  object space 131072K, 67% used [0x00000006f8000000,0x00000006fd707eb0,0x0000000700000000)
}
Event: 5921.882 GC heap before
{Heap before GC invocations=70 (full 4):
 PSYoungGen      total 555840K, used 512480K [0x00000007c0000000, 0x00000007f4030000, 0x0000000800000000)
  eden space 512320K, 100% used [0x00000007c0000000,0x00000007df450000,0x00000007df450000)
  from space 43520K, 0% used [0x00000007eeb50000,0x00000007eeb78000,0x00000007f15d0000)
  to   space 42816K, 0% used [0x00000007f1660000,0x00000007f1660000,0x00000007f4030000)
 ParOldGen       total 145408K, used 83225K [0x0000000700000000, 0x0000000708e00000, 0x00000007c0000000)
  object space 145408K, 57% used [0x0000000700000000,0x0000000705146460,0x0000000708e00000)
 PSPermGen       total 131072K, used 89120K [0x00000006f8000000, 0x0000000700000000, 0x0000000700000000)
  object space 131072K, 67% used [0x00000006f8000000,0x00000006fd7083b0,0x0000000700000000)
Event: 5921.894 GC heap after
Heap after GC invocations=70 (full 4):
 PSYoungGen      total 488960K, used 192K [0x00000007c0000000, 0x00000007f1690000, 0x0000000800000000)
  eden space 488768K, 0% used [0x00000007c0000000,0x00000007c0000000,0x00000007ddd50000)
  from space 192K, 100% used [0x00000007f1660000,0x00000007f1690000,0x00000007f1690000)
  to   space 41856K, 0% used [0x00000007ec4d0000,0x00000007ec4d0000,0x00000007eedb0000)
 ParOldGen       total 145408K, used 83225K [0x0000000700000000, 0x0000000708e00000, 0x00000007c0000000)
  object space 145408K, 57% used [0x0000000700000000,0x0000000705146460,0x0000000708e00000)
 PSPermGen       total 131072K, used 89120K [0x00000006f8000000, 0x0000000700000000, 0x0000000700000000)
  object space 131072K, 67% used [0x00000006f8000000,0x00000006fd7083b0,0x0000000700000000)
}

