# JRE version: 7.0_11-b21
# Java VM: Java HotSpot(TM) 64-Bit Server VM (23.6-b04 mixed mode windows-amd64 compressed oops)
Heap
 PSYoungGen      total 75840K, used 33434K [0x00000000fa000000, 0x0000000100000000, 0x0000000100000000)
  eden space 56960K, 55% used [0x00000000fa000000,0x00000000fbf1fef8,0x00000000fd7a0000)
  from space 18880K, 8% used [0x00000000fe9a0000,0x00000000feb26b98,0x00000000ffc10000)
  to   space 18432K, 0% used [0x00000000fd7a0000,0x00000000fd7a0000,0x00000000fe9a0000)
 ParOldGen       total 118528K, used 62620K [0x00000000e8000000, 0x00000000ef3c0000, 0x00000000fa000000)
  object space 118528K, 52% used [0x00000000e8000000,0x00000000ebd27300,0x00000000ef3c0000)
 PSPermGen       total 122624K, used 85778K [0x00000000e0000000, 0x00000000e77c0000, 0x00000000e8000000)
  object space 122624K, 69% used [0x00000000e0000000,0x00000000e53c4910,0x00000000e77c0000)
GC Heap History (10 events):
Event: 233.648 GC heap before
{Heap before GC invocations=485 (full 8):
 PSYoungGen      total 77440K, used 68927K [0x00000000fa000000, 0x0000000100000000, 0x0000000100000000)
  eden space 58496K, 100% used [0x00000000fa000000,0x00000000fd920000,0x00000000fd920000)
  from space 18944K, 55% used [0x00000000fec40000,0x00000000ff66fd10,0x00000000ffec0000)
  to   space 19584K, 0% used [0x00000000fd920000,0x00000000fd920000,0x00000000fec40000)
 ParOldGen       total 109184K, used 79465K [0x00000000e8000000, 0x00000000eeaa0000, 0x00000000fa000000)
  object space 109184K, 72% used [0x00000000e8000000,0x00000000ecd9a6d0,0x00000000eeaa0000)
 PSPermGen       total 124800K, used 84211K [0x00000000e0000000, 0x00000000e79e0000, 0x00000000e8000000)
  object space 124800K, 67% used [0x00000000e0000000,0x00000000e523cff8,0x00000000e79e0000)
Event: 233.653 GC heap after
Heap after GC invocations=485 (full 8):
 PSYoungGen      total 73408K, used 14870K [0x00000000fa000000, 0x0000000100000000, 0x0000000100000000)
  eden space 58496K, 0% used [0x00000000fa000000,0x00000000fa000000,0x00000000fd920000)
  from space 14912K, 99% used [0x00000000fd920000,0x00000000fe7a58d0,0x00000000fe7b0000)
  to   space 21632K, 0% used [0x00000000feae0000,0x00000000feae0000,0x0000000100000000)
 ParOldGen       total 109184K, used 89653K [0x00000000e8000000, 0x00000000eeaa0000, 0x00000000fa000000)
  object space 109184K, 82% used [0x00000000e8000000,0x00000000ed78d428,0x00000000eeaa0000)
 PSPermGen       total 124800K, used 84211K [0x00000000e0000000, 0x00000000e79e0000, 0x00000000e8000000)
  object space 124800K, 67% used [0x00000000e0000000,0x00000000e523cff8,0x00000000e79e0000)
}
Event: 233.741 GC heap before
{Heap before GC invocations=486 (full 8):
 PSYoungGen      total 73408K, used 73366K [0x00000000fa000000, 0x0000000100000000, 0x0000000100000000)
  eden space 58496K, 100% used [0x00000000fa000000,0x00000000fd920000,0x00000000fd920000)
  from space 14912K, 99% used [0x00000000fd920000,0x00000000fe7a58d0,0x00000000fe7b0000)
  to   space 21632K, 0% used [0x00000000feae0000,0x00000000feae0000,0x0000000100000000)
 ParOldGen       total 109184K, used 89653K [0x00000000e8000000, 0x00000000eeaa0000, 0x00000000fa000000)
  object space 109184K, 82% used [0x00000000e8000000,0x00000000ed78d428,0x00000000eeaa0000)
 PSPermGen       total 124800K, used 85215K [0x00000000e0000000, 0x00000000e79e0000, 0x00000000e8000000)
  object space 124800K, 68% used [0x00000000e0000000,0x00000000e5337f00,0x00000000e79e0000)
Event: 233.746 GC heap after
Heap after GC invocations=486 (full 8):
 PSYoungGen      total 78144K, used 6187K [0x00000000fa000000, 0x0000000100000000, 0x0000000100000000)
  eden space 56512K, 0% used [0x00000000fa000000,0x00000000fa000000,0x00000000fd730000)
  from space 21632K, 28% used [0x00000000feae0000,0x00000000ff0eada0,0x0000000100000000)
  to   space 20160K, 0% used [0x00000000fd730000,0x00000000fd730000,0x00000000feae0000)
 ParOldGen       total 109184K, used 103942K [0x00000000e8000000, 0x00000000eeaa0000, 0x00000000fa000000)
  object space 109184K, 95% used [0x00000000e8000000,0x00000000ee5818a0,0x00000000eeaa0000)
 PSPermGen       total 124800K, used 85215K [0x00000000e0000000, 0x00000000e79e0000, 0x00000000e8000000)
  object space 124800K, 68% used [0x00000000e0000000,0x00000000e5337f00,0x00000000e79e0000)
}
Event: 233.746 GC heap before
{Heap before GC invocations=487 (full 9):
 PSYoungGen      total 78144K, used 6187K [0x00000000fa000000, 0x0000000100000000, 0x0000000100000000)
  eden space 56512K, 0% used [0x00000000fa000000,0x00000000fa000000,0x00000000fd730000)
  from space 21632K, 28% used [0x00000000feae0000,0x00000000ff0eada0,0x0000000100000000)
  to   space 20160K, 0% used [0x00000000fd730000,0x00000000fd730000,0x00000000feae0000)
 ParOldGen       total 109184K, used 103942K [0x00000000e8000000, 0x00000000eeaa0000, 0x00000000fa000000)
  object space 109184K, 95% used [0x00000000e8000000,0x00000000ee5818a0,0x00000000eeaa0000)
 PSPermGen       total 124800K, used 85215K [0x00000000e0000000, 0x00000000e79e0000, 0x00000000e8000000)
  object space 124800K, 68% used [0x00000000e0000000,0x00000000e5337f00,0x00000000e79e0000)
Event: 233.848 GC heap after
Heap after GC invocations=487 (full 9):
 PSYoungGen      total 78144K, used 0K [0x00000000fa000000, 0x0000000100000000, 0x0000000100000000)
  eden space 56512K, 0% used [0x00000000fa000000,0x00000000fa000000,0x00000000fd730000)
  from space 21632K, 0% used [0x00000000feae0000,0x00000000feae0000,0x0000000100000000)
  to   space 20160K, 0% used [0x00000000fd730000,0x00000000fd730000,0x00000000feae0000)
 ParOldGen       total 118528K, used 61812K [0x00000000e8000000, 0x00000000ef3c0000, 0x00000000fa000000)
  object space 118528K, 52% used [0x00000000e8000000,0x00000000ebc5d2f0,0x00000000ef3c0000)
 PSPermGen       total 122624K, used 85214K [0x00000000e0000000, 0x00000000e77c0000, 0x00000000e8000000)
  object space 122624K, 69% used [0x00000000e0000000,0x00000000e5337878,0x00000000e77c0000)
}
Event: 233.906 GC heap before
{Heap before GC invocations=488 (full 9):
 PSYoungGen      total 78144K, used 56512K [0x00000000fa000000, 0x0000000100000000, 0x0000000100000000)
  eden space 56512K, 100% used [0x00000000fa000000,0x00000000fd730000,0x00000000fd730000)
  from space 21632K, 0% used [0x00000000feae0000,0x00000000feae0000,0x0000000100000000)
  to   space 20160K, 0% used [0x00000000fd730000,0x00000000fd730000,0x00000000feae0000)
 ParOldGen       total 118528K, used 61812K [0x00000000e8000000, 0x00000000ef3c0000, 0x00000000fa000000)
  object space 118528K, 52% used [0x00000000e8000000,0x00000000ebc5d2f0,0x00000000ef3c0000)
 PSPermGen       total 122624K, used 85476K [0x00000000e0000000, 0x00000000e77c0000, 0x00000000e8000000)
  object space 122624K, 69% used [0x00000000e0000000,0x00000000e53790a8,0x00000000e77c0000)
Event: 233.910 GC heap after
Heap after GC invocations=488 (full 9):
 PSYoungGen      total 62208K, used 5664K [0x00000000fa000000, 0x00000000ffc10000, 0x0000000100000000)
  eden space 56512K, 0% used [0x00000000fa000000,0x00000000fa000000,0x00000000fd730000)
  from space 5696K, 99% used [0x00000000fd730000,0x00000000fdcb8090,0x00000000fdcc0000)
  to   space 18880K, 0% used [0x00000000fe9a0000,0x00000000fe9a0000,0x00000000ffc10000)
 ParOldGen       total 118528K, used 61812K [0x00000000e8000000, 0x00000000ef3c0000, 0x00000000fa000000)
  object space 118528K, 52% used [0x00000000e8000000,0x00000000ebc5d2f0,0x00000000ef3c0000)
 PSPermGen       total 122624K, used 85476K [0x00000000e0000000, 0x00000000e77c0000, 0x00000000e8000000)
  object space 122624K, 69% used [0x00000000e0000000,0x00000000e53790a8,0x00000000e77c0000)
}
Event: 233.954 GC heap before
{Heap before GC invocations=489 (full 9):
 PSYoungGen      total 62208K, used 62176K [0x00000000fa000000, 0x00000000ffc10000, 0x0000000100000000)
  eden space 56512K, 100% used [0x00000000fa000000,0x00000000fd730000,0x00000000fd730000)
  from space 5696K, 99% used [0x00000000fd730000,0x00000000fdcb8090,0x00000000fdcc0000)
  to   space 18880K, 0% used [0x00000000fe9a0000,0x00000000fe9a0000,0x00000000ffc10000)
 ParOldGen       total 118528K, used 61812K [0x00000000e8000000, 0x00000000ef3c0000, 0x00000000fa000000)
  object space 118528K, 52% used [0x00000000e8000000,0x00000000ebc5d2f0,0x00000000ef3c0000)
 PSPermGen       total 122624K, used 85641K [0x00000000e0000000, 0x00000000e77c0000, 0x00000000e8000000)
  object space 122624K, 69% used [0x00000000e0000000,0x00000000e53a25e0,0x00000000e77c0000)
Event: 233.958 GC heap after
Heap after GC invocations=489 (full 9):
 PSYoungGen      total 75840K, used 1562K [0x00000000fa000000, 0x0000000100000000, 0x0000000100000000)
  eden space 56960K, 0% used [0x00000000fa000000,0x00000000fa000000,0x00000000fd7a0000)
  from space 18880K, 8% used [0x00000000fe9a0000,0x00000000feb26b98,0x00000000ffc10000)
  to   space 18432K, 0% used [0x00000000fd7a0000,0x00000000fd7a0000,0x00000000fe9a0000)
 ParOldGen       total 118528K, used 62620K [0x00000000e8000000, 0x00000000ef3c0000, 0x00000000fa000000)
  object space 118528K, 52% used [0x00000000e8000000,0x00000000ebd27300,0x00000000ef3c0000)
 PSPermGen       total 122624K, used 85641K [0x00000000e0000000, 0x00000000e77c0000, 0x00000000e8000000)
  object space 122624K, 69% used [0x00000000e0000000,0x00000000e53a25e0,0x00000000e77c0000)
}

