# JRE version: 7.0_11-b21
# Java VM: Java HotSpot(TM) 64-Bit Server VM (23.6-b04 mixed mode windows-amd64 compressed oops)
Heap
 PSYoungGen      total 780800K, used 434115K [0x00000007c0000000, 0x00000007f5460000, 0x0000000800000000)
  eden space 733760K, 55% used [0x00000007c0000000,0x00000007d8b266d8,0x00000007ecc90000)
  from space 47040K, 62% used [0x00000007ecc90000,0x00000007ee95a8f0,0x00000007efa80000)
  to   space 46720K, 0% used [0x00000007f26c0000,0x00000007f26c0000,0x00000007f5460000)
 ParOldGen       total 124992K, used 72322K [0x0000000700000000, 0x0000000707a10000, 0x00000007c0000000)
  object space 124992K, 57% used [0x0000000700000000,0x00000007046a08b0,0x0000000707a10000)
 PSPermGen       total 131072K, used 85440K [0x00000006f8000000, 0x0000000700000000, 0x0000000700000000)
  object space 131072K, 65% used [0x00000006f8000000,0x00000006fd370240,0x0000000700000000)
GC Heap History (10 events):
Event: 414.869 GC heap before
{Heap before GC invocations=27 (full 2):
 PSYoungGen      total 686656K, used 669531K [0x00000007c0000000, 0x00000007ed170000, 0x0000000800000000)
  eden space 639680K, 100% used [0x00000007c0000000,0x00000007e70b0000,0x00000007e70b0000)
  from space 46976K, 63% used [0x00000007e9f50000,0x00000007ebc76cc0,0x00000007ecd30000)
  to   space 47744K, 0% used [0x00000007e70b0000,0x00000007e70b0000,0x00000007e9f50000)
 ParOldGen       total 124992K, used 72322K [0x0000000700000000, 0x0000000707a10000, 0x00000007c0000000)
  object space 124992K, 57% used [0x0000000700000000,0x00000007046a08b0,0x0000000707a10000)
 PSPermGen       total 131072K, used 85158K [0x00000006f8000000, 0x0000000700000000, 0x0000000700000000)
  object space 131072K, 64% used [0x00000006f8000000,0x00000006fd329bf0,0x0000000700000000)
Event: 414.885 GC heap after
Heap after GC invocations=27 (full 2):
 PSYoungGen      total 687424K, used 27224K [0x00000007c0000000, 0x00000007efce0000, 0x0000000800000000)
  eden space 639680K, 0% used [0x00000007c0000000,0x00000007c0000000,0x00000007e70b0000)
  from space 47744K, 57% used [0x00000007e70b0000,0x00000007e8b460d0,0x00000007e9f50000)
  to   space 47232K, 0% used [0x00000007ecec0000,0x00000007ecec0000,0x00000007efce0000)
 ParOldGen       total 124992K, used 72322K [0x0000000700000000, 0x0000000707a10000, 0x00000007c0000000)
  object space 124992K, 57% used [0x0000000700000000,0x00000007046a08b0,0x0000000707a10000)
 PSPermGen       total 131072K, used 85158K [0x00000006f8000000, 0x0000000700000000, 0x0000000700000000)
  object space 131072K, 64% used [0x00000006f8000000,0x00000006fd329bf0,0x0000000700000000)
}
Event: 418.363 GC heap before
{Heap before GC invocations=28 (full 2):
 PSYoungGen      total 687424K, used 665683K [0x00000007c0000000, 0x00000007efce0000, 0x0000000800000000)
  eden space 639680K, 99% used [0x00000007c0000000,0x00000007e6f7eb40,0x00000007e70b0000)
  from space 47744K, 57% used [0x00000007e70b0000,0x00000007e8b460d0,0x00000007e9f50000)
  to   space 47232K, 0% used [0x00000007ecec0000,0x00000007ecec0000,0x00000007efce0000)
 ParOldGen       total 124992K, used 72322K [0x0000000700000000, 0x0000000707a10000, 0x00000007c0000000)
  object space 124992K, 57% used [0x0000000700000000,0x00000007046a08b0,0x0000000707a10000)
 PSPermGen       total 131072K, used 85198K [0x00000006f8000000, 0x0000000700000000, 0x0000000700000000)
  object space 131072K, 65% used [0x00000006f8000000,0x00000006fd333870,0x0000000700000000)
Event: 418.383 GC heap after
Heap after GC invocations=28 (full 2):
 PSYoungGen      total 736256K, used 27192K [0x00000007c0000000, 0x00000007efc80000, 0x0000000800000000)
  eden space 689408K, 0% used [0x00000007c0000000,0x00000007c0000000,0x00000007ea140000)
  from space 46848K, 58% used [0x00000007ecec0000,0x00000007ee94e0d0,0x00000007efc80000)
  to   space 46592K, 0% used [0x00000007ea140000,0x00000007ea140000,0x00000007ecec0000)
 ParOldGen       total 124992K, used 72322K [0x0000000700000000, 0x0000000707a10000, 0x00000007c0000000)
  object space 124992K, 57% used [0x0000000700000000,0x00000007046a08b0,0x0000000707a10000)
 PSPermGen       total 131072K, used 85198K [0x00000006f8000000, 0x0000000700000000, 0x0000000700000000)
  object space 131072K, 65% used [0x00000006f8000000,0x00000006fd333870,0x0000000700000000)
}
Event: 422.090 GC heap before
{Heap before GC invocations=29 (full 2):
 PSYoungGen      total 736256K, used 714784K [0x00000007c0000000, 0x00000007efc80000, 0x0000000800000000)
  eden space 689408K, 99% used [0x00000007c0000000,0x00000007e9f79f68,0x00000007ea140000)
  from space 46848K, 58% used [0x00000007ecec0000,0x00000007ee94e0d0,0x00000007efc80000)
  to   space 46592K, 0% used [0x00000007ea140000,0x00000007ea140000,0x00000007ecec0000)
 ParOldGen       total 124992K, used 72322K [0x0000000700000000, 0x0000000707a10000, 0x00000007c0000000)
  object space 124992K, 57% used [0x0000000700000000,0x00000007046a08b0,0x0000000707a10000)
 PSPermGen       total 131072K, used 85220K [0x00000006f8000000, 0x0000000700000000, 0x0000000700000000)
  object space 131072K, 65% used [0x00000006f8000000,0x00000006fd339228,0x0000000700000000)
Event: 422.103 GC heap after
Heap after GC invocations=29 (full 2):
 PSYoungGen      total 736000K, used 27360K [0x00000007c0000000, 0x00000007f2c40000, 0x0000000800000000)
  eden space 689408K, 0% used [0x00000007c0000000,0x00000007c0000000,0x00000007ea140000)
  from space 46592K, 58% used [0x00000007ea140000,0x00000007ebbf8180,0x00000007ecec0000)
  to   space 45952K, 0% used [0x00000007eff60000,0x00000007eff60000,0x00000007f2c40000)
 ParOldGen       total 124992K, used 72322K [0x0000000700000000, 0x0000000707a10000, 0x00000007c0000000)
  object space 124992K, 57% used [0x0000000700000000,0x00000007046a08b0,0x0000000707a10000)
 PSPermGen       total 131072K, used 85220K [0x00000006f8000000, 0x0000000700000000, 0x0000000700000000)
  object space 131072K, 65% used [0x00000006f8000000,0x00000006fd339228,0x0000000700000000)
}
Event: 434.429 GC heap before
{Heap before GC invocations=30 (full 2):
 PSYoungGen      total 736000K, used 716768K [0x00000007c0000000, 0x00000007f2c40000, 0x0000000800000000)
  eden space 689408K, 100% used [0x00000007c0000000,0x00000007ea140000,0x00000007ea140000)
  from space 46592K, 58% used [0x00000007ea140000,0x00000007ebbf8180,0x00000007ecec0000)
  to   space 45952K, 0% used [0x00000007eff60000,0x00000007eff60000,0x00000007f2c40000)
 ParOldGen       total 124992K, used 72322K [0x0000000700000000, 0x0000000707a10000, 0x00000007c0000000)
  object space 124992K, 57% used [0x0000000700000000,0x00000007046a08b0,0x0000000707a10000)
 PSPermGen       total 131072K, used 85335K [0x00000006f8000000, 0x0000000700000000, 0x0000000700000000)
  object space 131072K, 65% used [0x00000006f8000000,0x00000006fd355d20,0x0000000700000000)
Event: 434.453 GC heap after
Heap after GC invocations=30 (full 2):
 PSYoungGen      total 775808K, used 32149K [0x00000007c0000000, 0x00000007f2870000, 0x0000000800000000)
  eden space 733760K, 0% used [0x00000007c0000000,0x00000007c0000000,0x00000007ecc90000)
  from space 42048K, 76% used [0x00000007eff60000,0x00000007f1ec5410,0x00000007f2870000)
  to   space 47040K, 0% used [0x00000007ecc90000,0x00000007ecc90000,0x00000007efa80000)
 ParOldGen       total 124992K, used 72322K [0x0000000700000000, 0x0000000707a10000, 0x00000007c0000000)
  object space 124992K, 57% used [0x0000000700000000,0x00000007046a08b0,0x0000000707a10000)
 PSPermGen       total 131072K, used 85335K [0x00000006f8000000, 0x0000000700000000, 0x0000000700000000)
  object space 131072K, 65% used [0x00000006f8000000,0x00000006fd355d20,0x0000000700000000)
}
Event: 438.402 GC heap before
{Heap before GC invocations=31 (full 2):
 PSYoungGen      total 775808K, used 765619K [0x00000007c0000000, 0x00000007f2870000, 0x0000000800000000)
  eden space 733760K, 99% used [0x00000007c0000000,0x00000007ecc47b08,0x00000007ecc90000)
  from space 42048K, 76% used [0x00000007eff60000,0x00000007f1ec5410,0x00000007f2870000)
  to   space 47040K, 0% used [0x00000007ecc90000,0x00000007ecc90000,0x00000007efa80000)
 ParOldGen       total 124992K, used 72322K [0x0000000700000000, 0x0000000707a10000, 0x00000007c0000000)
  object space 124992K, 57% used [0x0000000700000000,0x00000007046a08b0,0x0000000707a10000)
 PSPermGen       total 131072K, used 85371K [0x00000006f8000000, 0x0000000700000000, 0x0000000700000000)
  object space 131072K, 65% used [0x00000006f8000000,0x00000006fd35ec90,0x0000000700000000)
Event: 438.416 GC heap after
Heap after GC invocations=31 (full 2):
 PSYoungGen      total 780800K, used 29482K [0x00000007c0000000, 0x00000007f5460000, 0x0000000800000000)
  eden space 733760K, 0% used [0x00000007c0000000,0x00000007c0000000,0x00000007ecc90000)
  from space 47040K, 62% used [0x00000007ecc90000,0x00000007ee95a8f0,0x00000007efa80000)
  to   space 46720K, 0% used [0x00000007f26c0000,0x00000007f26c0000,0x00000007f5460000)
 ParOldGen       total 124992K, used 72322K [0x0000000700000000, 0x0000000707a10000, 0x00000007c0000000)
  object space 124992K, 57% used [0x0000000700000000,0x00000007046a08b0,0x0000000707a10000)
 PSPermGen       total 131072K, used 85371K [0x00000006f8000000, 0x0000000700000000, 0x0000000700000000)
  object space 131072K, 65% used [0x00000006f8000000,0x00000006fd35ec90,0x0000000700000000)
}

