# JRE version: 7.0_11-b21
# Java VM: Java HotSpot(TM) 64-Bit Server VM (23.6-b04 mixed mode windows-amd64 compressed oops)
Heap
 PSYoungGen      total 1004480K, used 227940K [0x00000007c0000000, 0x0000000800000000, 0x0000000800000000)
  eden space 970496K, 19% used [0x00000007c0000000,0x00000007cbd75e18,0x00000007fb3c0000)
  from space 33984K, 99% used [0x00000007fb3c0000,0x00000007fd4e32c0,0x00000007fd4f0000)
  to   space 42944K, 0% used [0x00000007fd610000,0x00000007fd610000,0x0000000800000000)
 ParOldGen       total 543296K, used 467281K [0x0000000700000000, 0x0000000721290000, 0x00000007c0000000)
  object space 543296K, 86% used [0x0000000700000000,0x000000071c854478,0x0000000721290000)
 PSPermGen       total 86016K, used 84551K [0x00000006f8000000, 0x00000006fd400000, 0x0000000700000000)
  object space 86016K, 98% used [0x00000006f8000000,0x00000006fd291ed8,0x00000006fd400000)
GC Heap History (10 events):
Event: 107.807 GC heap before
{Heap before GC invocations=490 (full 29):
 PSYoungGen      total 961984K, used 128K [0x00000007c0000000, 0x00000007ffa90000, 0x0000000800000000)
  eden space 961856K, 0% used [0x00000007c0000000,0x00000007c0000000,0x00000007fab50000)
  from space 128K, 100% used [0x00000007fab50000,0x00000007fab70000,0x00000007fab70000)
  to   space 40576K, 0% used [0x00000007fd2f0000,0x00000007fd2f0000,0x00000007ffa90000)
 ParOldGen       total 543296K, used 418168K [0x0000000700000000, 0x0000000721290000, 0x00000007c0000000)
  object space 543296K, 76% used [0x0000000700000000,0x000000071985e008,0x0000000721290000)
 PSPermGen       total 86592K, used 84536K [0x00000006f8000000, 0x00000006fd490000, 0x0000000700000000)
  object space 86592K, 97% used [0x00000006f8000000,0x00000006fd28e398,0x00000006fd490000)
Event: 107.943 GC heap after
Heap after GC invocations=490 (full 29):
 PSYoungGen      total 961984K, used 0K [0x00000007c0000000, 0x00000007ffa90000, 0x0000000800000000)
  eden space 961856K, 0% used [0x00000007c0000000,0x00000007c0000000,0x00000007fab50000)
  from space 128K, 0% used [0x00000007fab50000,0x00000007fab50000,0x00000007fab70000)
  to   space 40576K, 0% used [0x00000007fd2f0000,0x00000007fd2f0000,0x00000007ffa90000)
 ParOldGen       total 543296K, used 418129K [0x0000000700000000, 0x0000000721290000, 0x00000007c0000000)
  object space 543296K, 76% used [0x0000000700000000,0x0000000719854418,0x0000000721290000)
 PSPermGen       total 86016K, used 84536K [0x00000006f8000000, 0x00000006fd400000, 0x0000000700000000)
  object space 86016K, 98% used [0x00000006f8000000,0x00000006fd28e398,0x00000006fd400000)
}
Event: 107.945 GC heap before
{Heap before GC invocations=491 (full 29):
 PSYoungGen      total 961984K, used 123487K [0x00000007c0000000, 0x00000007ffa90000, 0x0000000800000000)
  eden space 961856K, 12% used [0x00000007c0000000,0x00000007c7897f98,0x00000007fab50000)
  from space 128K, 0% used [0x00000007fab50000,0x00000007fab50000,0x00000007fab70000)
  to   space 40576K, 0% used [0x00000007fd2f0000,0x00000007fd2f0000,0x00000007ffa90000)
 ParOldGen       total 543296K, used 418129K [0x0000000700000000, 0x0000000721290000, 0x00000007c0000000)
  object space 543296K, 76% used [0x0000000700000000,0x0000000719854418,0x0000000721290000)
 PSPermGen       total 86016K, used 84536K [0x00000006f8000000, 0x00000006fd400000, 0x0000000700000000)
  object space 86016K, 98% used [0x00000006f8000000,0x00000006fd28e398,0x00000006fd400000)
Event: 107.949 GC heap after
Heap after GC invocations=491 (full 29):
 PSYoungGen      total 1003840K, used 128K [0x00000007c0000000, 0x0000000800000000, 0x0000000800000000)
  eden space 963264K, 0% used [0x00000007c0000000,0x00000007c0000000,0x00000007facb0000)
  from space 40576K, 0% used [0x00000007fd2f0000,0x00000007fd310000,0x00000007ffa90000)
  to   space 39168K, 0% used [0x00000007facb0000,0x00000007facb0000,0x00000007fd2f0000)
 ParOldGen       total 543296K, used 418129K [0x0000000700000000, 0x0000000721290000, 0x00000007c0000000)
  object space 543296K, 76% used [0x0000000700000000,0x0000000719854418,0x0000000721290000)
 PSPermGen       total 86016K, used 84536K [0x00000006f8000000, 0x00000006fd400000, 0x0000000700000000)
  object space 86016K, 98% used [0x00000006f8000000,0x00000006fd28e398,0x00000006fd400000)
}
Event: 107.974 GC heap before
{Heap before GC invocations=492 (full 29):
 PSYoungGen      total 1003840K, used 963392K [0x00000007c0000000, 0x0000000800000000, 0x0000000800000000)
  eden space 963264K, 100% used [0x00000007c0000000,0x00000007facb0000,0x00000007facb0000)
  from space 40576K, 0% used [0x00000007fd2f0000,0x00000007fd310000,0x00000007ffa90000)
  to   space 39168K, 0% used [0x00000007facb0000,0x00000007facb0000,0x00000007fd2f0000)
 ParOldGen       total 543296K, used 418129K [0x0000000700000000, 0x0000000721290000, 0x00000007c0000000)
  object space 543296K, 76% used [0x0000000700000000,0x0000000719854418,0x0000000721290000)
 PSPermGen       total 86016K, used 84536K [0x00000006f8000000, 0x00000006fd400000, 0x0000000700000000)
  object space 86016K, 98% used [0x00000006f8000000,0x00000006fd28e398,0x00000006fd400000)
Event: 107.977 GC heap after
Heap after GC invocations=492 (full 29):
 PSYoungGen      total 1002432K, used 332K [0x00000007c0000000, 0x00000007ffba0000, 0x0000000800000000)
  eden space 963264K, 0% used [0x00000007c0000000,0x00000007c0000000,0x00000007facb0000)
  from space 39168K, 0% used [0x00000007facb0000,0x00000007fad03280,0x00000007fd2f0000)
  to   space 37632K, 0% used [0x00000007fd6e0000,0x00000007fd6e0000,0x00000007ffba0000)
 ParOldGen       total 543296K, used 418129K [0x0000000700000000, 0x0000000721290000, 0x00000007c0000000)
  object space 543296K, 76% used [0x0000000700000000,0x0000000719854418,0x0000000721290000)
 PSPermGen       total 86016K, used 84536K [0x00000006f8000000, 0x00000006fd400000, 0x0000000700000000)
  object space 86016K, 98% used [0x00000006f8000000,0x00000006fd28e398,0x00000006fd400000)
}
Event: 108.542 GC heap before
{Heap before GC invocations=493 (full 29):
 PSYoungGen      total 1002432K, used 963596K [0x00000007c0000000, 0x00000007ffba0000, 0x0000000800000000)
  eden space 963264K, 100% used [0x00000007c0000000,0x00000007facb0000,0x00000007facb0000)
  from space 39168K, 0% used [0x00000007facb0000,0x00000007fad03280,0x00000007fd2f0000)
  to   space 37632K, 0% used [0x00000007fd6e0000,0x00000007fd6e0000,0x00000007ffba0000)
 ParOldGen       total 543296K, used 418129K [0x0000000700000000, 0x0000000721290000, 0x00000007c0000000)
  object space 543296K, 76% used [0x0000000700000000,0x0000000719854418,0x0000000721290000)
 PSPermGen       total 86016K, used 84550K [0x00000006f8000000, 0x00000006fd400000, 0x0000000700000000)
  object space 86016K, 98% used [0x00000006f8000000,0x00000006fd291818,0x00000006fd400000)
Event: 108.548 GC heap after
Heap after GC invocations=493 (full 29):
 PSYoungGen      total 1007744K, used 492K [0x00000007c0000000, 0x00000007ffb40000, 0x0000000800000000)
  eden space 970496K, 0% used [0x00000007c0000000,0x00000007c0000000,0x00000007fb3c0000)
  from space 37248K, 1% used [0x00000007fd6e0000,0x00000007fd75b280,0x00000007ffb40000)
  to   space 35968K, 0% used [0x00000007fb3c0000,0x00000007fb3c0000,0x00000007fd6e0000)
 ParOldGen       total 543296K, used 418129K [0x0000000700000000, 0x0000000721290000, 0x00000007c0000000)
  object space 543296K, 76% used [0x0000000700000000,0x0000000719854418,0x0000000721290000)
 PSPermGen       total 86016K, used 84550K [0x00000006f8000000, 0x00000006fd400000, 0x0000000700000000)
  object space 86016K, 98% used [0x00000006f8000000,0x00000006fd291818,0x00000006fd400000)
}
Event: 110.786 GC heap before
{Heap before GC invocations=494 (full 29):
 PSYoungGen      total 1007744K, used 970988K [0x00000007c0000000, 0x00000007ffb40000, 0x0000000800000000)
  eden space 970496K, 100% used [0x00000007c0000000,0x00000007fb3c0000,0x00000007fb3c0000)
  from space 37248K, 1% used [0x00000007fd6e0000,0x00000007fd75b280,0x00000007ffb40000)
  to   space 35968K, 0% used [0x00000007fb3c0000,0x00000007fb3c0000,0x00000007fd6e0000)
 ParOldGen       total 543296K, used 418129K [0x0000000700000000, 0x0000000721290000, 0x00000007c0000000)
  object space 543296K, 76% used [0x0000000700000000,0x0000000719854418,0x0000000721290000)
 PSPermGen       total 86016K, used 84551K [0x00000006f8000000, 0x00000006fd400000, 0x0000000700000000)
  object space 86016K, 98% used [0x00000006f8000000,0x00000006fd291e30,0x00000006fd400000)
Event: 110.808 GC heap after
Heap after GC invocations=494 (full 29):
 PSYoungGen      total 1004480K, used 33932K [0x00000007c0000000, 0x0000000800000000, 0x0000000800000000)
  eden space 970496K, 0% used [0x00000007c0000000,0x00000007c0000000,0x00000007fb3c0000)
  from space 33984K, 99% used [0x00000007fb3c0000,0x00000007fd4e32c0,0x00000007fd4f0000)
  to   space 42944K, 0% used [0x00000007fd610000,0x00000007fd610000,0x0000000800000000)
 ParOldGen       total 543296K, used 467281K [0x0000000700000000, 0x0000000721290000, 0x00000007c0000000)
  object space 543296K, 86% used [0x0000000700000000,0x000000071c854478,0x0000000721290000)
 PSPermGen       total 86016K, used 84551K [0x00000006f8000000, 0x00000006fd400000, 0x0000000700000000)
  object space 86016K, 98% used [0x00000006f8000000,0x00000006fd291e30,0x00000006fd400000)
}

