# JRE version: 7.0_11-b21
# Java VM: Java HotSpot(TM) 64-Bit Server VM (23.6-b04 mixed mode windows-amd64 compressed oops)
Heap
 PSYoungGen      total 1010688K, used 597510K [0x00000007c0000000, 0x0000000800000000, 0x0000000800000000)
  eden space 985216K, 58% used [0x00000007c0000000,0x00000007e2edace8,0x00000007fc220000)
  from space 25472K, 99% used [0x00000007fc220000,0x00000007fdac6ba0,0x00000007fdb00000)
  to   space 34496K, 0% used [0x00000007fde50000,0x00000007fde50000,0x0000000800000000)
 ParOldGen       total 1108928K, used 925272K [0x0000000700000000, 0x0000000743af0000, 0x00000007c0000000)
  object space 1108928K, 83% used [0x0000000700000000,0x00000007387962c0,0x0000000743af0000)
 PSPermGen       total 84480K, used 84179K [0x00000006f8000000, 0x00000006fd280000, 0x0000000700000000)
  object space 84480K, 99% used [0x00000006f8000000,0x00000006fd234de0,0x00000006fd280000)
GC Heap History (10 events):
Event: 234.063 GC heap before
{Heap before GC invocations=744 (full 58):
 PSYoungGen      total 1016704K, used 286K [0x00000007c0000000, 0x0000000800000000, 0x0000000800000000)
  eden space 984192K, 0% used [0x00000007c0000000,0x00000007c0000000,0x00000007fc120000)
  from space 32512K, 0% used [0x00000007fe040000,0x00000007fe087ab0,0x0000000800000000)
  to   space 31872K, 0% used [0x00000007fc120000,0x00000007fc120000,0x00000007fe040000)
 ParOldGen       total 909440K, used 867991K [0x0000000700000000, 0x0000000737820000, 0x00000007c0000000)
  object space 909440K, 95% used [0x0000000700000000,0x0000000734fa5c90,0x0000000737820000)
 PSPermGen       total 84480K, used 84177K [0x00000006f8000000, 0x00000006fd280000, 0x0000000700000000)
  object space 84480K, 99% used [0x00000006f8000000,0x00000006fd2346a0,0x00000006fd280000)
Event: 234.190 GC heap after
Heap after GC invocations=744 (full 58):
 PSYoungGen      total 1016704K, used 0K [0x00000007c0000000, 0x0000000800000000, 0x0000000800000000)
  eden space 984192K, 0% used [0x00000007c0000000,0x00000007c0000000,0x00000007fc120000)
  from space 32512K, 0% used [0x00000007fe040000,0x00000007fe040000,0x0000000800000000)
  to   space 31872K, 0% used [0x00000007fc120000,0x00000007fc120000,0x00000007fe040000)
 ParOldGen       total 909440K, used 868048K [0x0000000700000000, 0x0000000737820000, 0x00000007c0000000)
  object space 909440K, 95% used [0x0000000700000000,0x0000000734fb4240,0x0000000737820000)
 PSPermGen       total 84480K, used 84177K [0x00000006f8000000, 0x00000006fd280000, 0x0000000700000000)
  object space 84480K, 99% used [0x00000006f8000000,0x00000006fd2346a0,0x00000006fd280000)
}
Event: 234.203 GC heap before
{Heap before GC invocations=745 (full 58):
 PSYoungGen      total 1016704K, used 984192K [0x00000007c0000000, 0x0000000800000000, 0x0000000800000000)
  eden space 984192K, 100% used [0x00000007c0000000,0x00000007fc120000,0x00000007fc120000)
  from space 32512K, 0% used [0x00000007fe040000,0x00000007fe040000,0x0000000800000000)
  to   space 31872K, 0% used [0x00000007fc120000,0x00000007fc120000,0x00000007fe040000)
 ParOldGen       total 909440K, used 868048K [0x0000000700000000, 0x0000000737820000, 0x00000007c0000000)
  object space 909440K, 95% used [0x0000000700000000,0x0000000734fb4240,0x0000000737820000)
 PSPermGen       total 84480K, used 84177K [0x00000006f8000000, 0x00000006fd280000, 0x0000000700000000)
  object space 84480K, 99% used [0x00000006f8000000,0x00000006fd2346a0,0x00000006fd280000)
Event: 234.207 GC heap after
Heap after GC invocations=745 (full 58):
 PSYoungGen      total 984256K, used 64K [0x00000007c0000000, 0x00000007ffdc0000, 0x0000000800000000)
  eden space 984192K, 0% used [0x00000007c0000000,0x00000007c0000000,0x00000007fc120000)
  from space 64K, 100% used [0x00000007fc120000,0x00000007fc130000,0x00000007fc130000)
  to   space 31040K, 0% used [0x00000007fdf70000,0x00000007fdf70000,0x00000007ffdc0000)
 ParOldGen       total 909440K, used 868048K [0x0000000700000000, 0x0000000737820000, 0x00000007c0000000)
  object space 909440K, 95% used [0x0000000700000000,0x0000000734fb4240,0x0000000737820000)
 PSPermGen       total 84480K, used 84177K [0x00000006f8000000, 0x00000006fd280000, 0x0000000700000000)
  object space 84480K, 99% used [0x00000006f8000000,0x00000006fd2346a0,0x00000006fd280000)
}
Event: 234.714 GC heap before
{Heap before GC invocations=746 (full 58):
 PSYoungGen      total 984256K, used 984256K [0x00000007c0000000, 0x00000007ffdc0000, 0x0000000800000000)
  eden space 984192K, 100% used [0x00000007c0000000,0x00000007fc120000,0x00000007fc120000)
  from space 64K, 100% used [0x00000007fc120000,0x00000007fc130000,0x00000007fc130000)
  to   space 31040K, 0% used [0x00000007fdf70000,0x00000007fdf70000,0x00000007ffdc0000)
 ParOldGen       total 909440K, used 868048K [0x0000000700000000, 0x0000000737820000, 0x00000007c0000000)
  object space 909440K, 95% used [0x0000000700000000,0x0000000734fb4240,0x0000000737820000)
 PSPermGen       total 84480K, used 84177K [0x00000006f8000000, 0x00000006fd280000, 0x0000000700000000)
  object space 84480K, 99% used [0x00000006f8000000,0x00000006fd234748,0x00000006fd280000)
Event: 234.718 GC heap after
Heap after GC invocations=746 (full 58):
 PSYoungGen      total 1016256K, used 288K [0x00000007c0000000, 0x0000000800000000, 0x0000000800000000)
  eden space 985216K, 0% used [0x00000007c0000000,0x00000007c0000000,0x00000007fc220000)
  from space 31040K, 0% used [0x00000007fdf70000,0x00000007fdfb8000,0x00000007ffdc0000)
  to   space 30016K, 0% used [0x00000007fc220000,0x00000007fc220000,0x00000007fdf70000)
 ParOldGen       total 909440K, used 868048K [0x0000000700000000, 0x0000000737820000, 0x00000007c0000000)
  object space 909440K, 95% used [0x0000000700000000,0x0000000734fb4240,0x0000000737820000)
 PSPermGen       total 84480K, used 84177K [0x00000006f8000000, 0x00000006fd280000, 0x0000000700000000)
  object space 84480K, 99% used [0x00000006f8000000,0x00000006fd234748,0x00000006fd280000)
}
Event: 236.766 GC heap before
{Heap before GC invocations=747 (full 58):
 PSYoungGen      total 1016256K, used 982347K [0x00000007c0000000, 0x0000000800000000, 0x0000000800000000)
  eden space 985216K, 99% used [0x00000007c0000000,0x00000007fbf0af38,0x00000007fc220000)
  from space 31040K, 0% used [0x00000007fdf70000,0x00000007fdfb8000,0x00000007ffdc0000)
  to   space 30016K, 0% used [0x00000007fc220000,0x00000007fc220000,0x00000007fdf70000)
 ParOldGen       total 909440K, used 868048K [0x0000000700000000, 0x0000000737820000, 0x00000007c0000000)
  object space 909440K, 95% used [0x0000000700000000,0x0000000734fb4240,0x0000000737820000)
 PSPermGen       total 84480K, used 84179K [0x00000006f8000000, 0x00000006fd280000, 0x0000000700000000)
  object space 84480K, 99% used [0x00000006f8000000,0x00000006fd234de0,0x00000006fd280000)
Event: 236.793 GC heap after
Heap after GC invocations=747 (full 58):
 PSYoungGen      total 1010688K, used 25438K [0x00000007c0000000, 0x0000000800000000, 0x0000000800000000)
  eden space 985216K, 0% used [0x00000007c0000000,0x00000007c0000000,0x00000007fc220000)
  from space 25472K, 99% used [0x00000007fc220000,0x00000007fdaf7ae0,0x00000007fdb00000)
  to   space 34496K, 0% used [0x00000007fde50000,0x00000007fde50000,0x0000000800000000)
 ParOldGen       total 925952K, used 925392K [0x0000000700000000, 0x0000000738840000, 0x00000007c0000000)
  object space 925952K, 99% used [0x0000000700000000,0x00000007387b42b0,0x0000000738840000)
 PSPermGen       total 84480K, used 84179K [0x00000006f8000000, 0x00000006fd280000, 0x0000000700000000)
  object space 84480K, 99% used [0x00000006f8000000,0x00000006fd234de0,0x00000006fd280000)
}
Event: 236.793 GC heap before
{Heap before GC invocations=748 (full 59):
 PSYoungGen      total 1010688K, used 25438K [0x00000007c0000000, 0x0000000800000000, 0x0000000800000000)
  eden space 985216K, 0% used [0x00000007c0000000,0x00000007c0000000,0x00000007fc220000)
  from space 25472K, 99% used [0x00000007fc220000,0x00000007fdaf7ae0,0x00000007fdb00000)
  to   space 34496K, 0% used [0x00000007fde50000,0x00000007fde50000,0x0000000800000000)
 ParOldGen       total 925952K, used 925392K [0x0000000700000000, 0x0000000738840000, 0x00000007c0000000)
  object space 925952K, 99% used [0x0000000700000000,0x00000007387b42b0,0x0000000738840000)
 PSPermGen       total 84480K, used 84179K [0x00000006f8000000, 0x00000006fd280000, 0x0000000700000000)
  object space 84480K, 99% used [0x00000006f8000000,0x00000006fd234de0,0x00000006fd280000)
Event: 236.917 GC heap after
Heap after GC invocations=748 (full 59):
 PSYoungGen      total 1010688K, used 25242K [0x00000007c0000000, 0x0000000800000000, 0x0000000800000000)
  eden space 985216K, 0% used [0x00000007c0000000,0x00000007c0000000,0x00000007fc220000)
  from space 25472K, 99% used [0x00000007fc220000,0x00000007fdac6ba0,0x00000007fdb00000)
  to   space 34496K, 0% used [0x00000007fde50000,0x00000007fde50000,0x0000000800000000)
 ParOldGen       total 1108928K, used 925272K [0x0000000700000000, 0x0000000743af0000, 0x00000007c0000000)
  object space 1108928K, 83% used [0x0000000700000000,0x00000007387962c0,0x0000000743af0000)
 PSPermGen       total 84480K, used 84179K [0x00000006f8000000, 0x00000006fd280000, 0x0000000700000000)
  object space 84480K, 99% used [0x00000006f8000000,0x00000006fd234de0,0x00000006fd280000)
}

