# JRE version: 7.0_11-b21
# Java VM: Java HotSpot(TM) 64-Bit Server VM (23.6-b04 mixed mode windows-amd64 compressed oops)
Heap
 PSYoungGen      total 787008K, used 274607K [0x00000007c0000000, 0x00000007f34f0000, 0x0000000800000000)
  eden space 733312K, 32% used [0x00000007c0000000,0x00000007cebf7410,0x00000007ecc20000)
  from space 53696K, 61% used [0x00000007f0080000,0x00000007f20b4968,0x00000007f34f0000)
  to   space 53632K, 0% used [0x00000007ecc20000,0x00000007ecc20000,0x00000007f0080000)
 ParOldGen       total 134720K, used 75468K [0x0000000700000000, 0x0000000708390000, 0x00000007c0000000)
  object space 134720K, 56% used [0x0000000700000000,0x00000007049b33c0,0x0000000708390000)
 PSPermGen       total 131072K, used 85356K [0x00000006f8000000, 0x0000000700000000, 0x0000000700000000)
  object space 131072K, 65% used [0x00000006f8000000,0x00000006fd35b358,0x0000000700000000)
GC Heap History (10 events):
Event: 108.701 GC heap before
{Heap before GC invocations=26 (full 2):
 PSYoungGen      total 640640K, used 620031K [0x00000007c0000000, 0x00000007edc00000, 0x0000000800000000)
  eden space 589056K, 99% used [0x00000007c0000000,0x00000007e3dd2838,0x00000007e3f40000)
  from space 51584K, 62% used [0x00000007e3f40000,0x00000007e5eed648,0x00000007e71a0000)
  to   space 52736K, 0% used [0x00000007ea880000,0x00000007ea880000,0x00000007edc00000)
 ParOldGen       total 134720K, used 75460K [0x0000000700000000, 0x0000000708390000, 0x00000007c0000000)
  object space 134720K, 56% used [0x0000000700000000,0x00000007049b13c0,0x0000000708390000)
 PSPermGen       total 131072K, used 85186K [0x00000006f8000000, 0x0000000700000000, 0x0000000700000000)
  object space 131072K, 64% used [0x00000006f8000000,0x00000006fd3309b0,0x0000000700000000)
Event: 108.721 GC heap after
Heap after GC invocations=26 (full 2):
 PSYoungGen      total 696192K, used 32373K [0x00000007c0000000, 0x00000007edea0000, 0x0000000800000000)
  eden space 643456K, 0% used [0x00000007c0000000,0x00000007c0000000,0x00000007e7460000)
  from space 52736K, 61% used [0x00000007ea880000,0x00000007ec81d648,0x00000007edc00000)
  to   space 53376K, 0% used [0x00000007e7460000,0x00000007e7460000,0x00000007ea880000)
 ParOldGen       total 134720K, used 75460K [0x0000000700000000, 0x0000000708390000, 0x00000007c0000000)
  object space 134720K, 56% used [0x0000000700000000,0x00000007049b13c0,0x0000000708390000)
 PSPermGen       total 131072K, used 85186K [0x00000006f8000000, 0x0000000700000000, 0x0000000700000000)
  object space 131072K, 64% used [0x00000006f8000000,0x00000006fd3309b0,0x0000000700000000)
}
Event: 112.300 GC heap before
{Heap before GC invocations=27 (full 2):
 PSYoungGen      total 696192K, used 673030K [0x00000007c0000000, 0x00000007edea0000, 0x0000000800000000)
  eden space 643456K, 99% used [0x00000007c0000000,0x00000007e71a4568,0x00000007e7460000)
  from space 52736K, 61% used [0x00000007ea880000,0x00000007ec81d648,0x00000007edc00000)
  to   space 53376K, 0% used [0x00000007e7460000,0x00000007e7460000,0x00000007ea880000)
 ParOldGen       total 134720K, used 75460K [0x0000000700000000, 0x0000000708390000, 0x00000007c0000000)
  object space 134720K, 56% used [0x0000000700000000,0x00000007049b13c0,0x0000000708390000)
 PSPermGen       total 131072K, used 85213K [0x00000006f8000000, 0x0000000700000000, 0x0000000700000000)
  object space 131072K, 65% used [0x00000006f8000000,0x00000006fd3377d8,0x0000000700000000)
Event: 112.316 GC heap after
Heap after GC invocations=27 (full 2):
 PSYoungGen      total 696832K, used 32440K [0x00000007c0000000, 0x00000007f08b0000, 0x0000000800000000)
  eden space 643456K, 0% used [0x00000007c0000000,0x00000007c0000000,0x00000007e7460000)
  from space 53376K, 60% used [0x00000007e7460000,0x00000007e940e070,0x00000007ea880000)
  to   space 53760K, 0% used [0x00000007ed430000,0x00000007ed430000,0x00000007f08b0000)
 ParOldGen       total 134720K, used 75468K [0x0000000700000000, 0x0000000708390000, 0x00000007c0000000)
  object space 134720K, 56% used [0x0000000700000000,0x00000007049b33c0,0x0000000708390000)
 PSPermGen       total 131072K, used 85213K [0x00000006f8000000, 0x0000000700000000, 0x0000000700000000)
  object space 131072K, 65% used [0x00000006f8000000,0x00000006fd3377d8,0x0000000700000000)
}
Event: 115.885 GC heap before
{Heap before GC invocations=28 (full 2):
 PSYoungGen      total 696832K, used 675896K [0x00000007c0000000, 0x00000007f08b0000, 0x0000000800000000)
  eden space 643456K, 100% used [0x00000007c0000000,0x00000007e7460000,0x00000007e7460000)
  from space 53376K, 60% used [0x00000007e7460000,0x00000007e940e070,0x00000007ea880000)
  to   space 53760K, 0% used [0x00000007ed430000,0x00000007ed430000,0x00000007f08b0000)
 ParOldGen       total 134720K, used 75468K [0x0000000700000000, 0x0000000708390000, 0x00000007c0000000)
  object space 134720K, 56% used [0x0000000700000000,0x00000007049b33c0,0x0000000708390000)
 PSPermGen       total 131072K, used 85232K [0x00000006f8000000, 0x0000000700000000, 0x0000000700000000)
  object space 131072K, 65% used [0x00000006f8000000,0x00000006fd33c360,0x0000000700000000)
Event: 115.903 GC heap after
Heap after GC invocations=28 (full 2):
 PSYoungGen      total 741056K, used 32522K [0x00000007c0000000, 0x00000007f0880000, 0x0000000800000000)
  eden space 687488K, 0% used [0x00000007c0000000,0x00000007c0000000,0x00000007e9f60000)
  from space 53568K, 60% used [0x00000007ed430000,0x00000007ef3f28a8,0x00000007f0880000)
  to   space 53824K, 0% used [0x00000007e9f60000,0x00000007e9f60000,0x00000007ed3f0000)
 ParOldGen       total 134720K, used 75468K [0x0000000700000000, 0x0000000708390000, 0x00000007c0000000)
  object space 134720K, 56% used [0x0000000700000000,0x00000007049b33c0,0x0000000708390000)
 PSPermGen       total 131072K, used 85232K [0x00000006f8000000, 0x0000000700000000, 0x0000000700000000)
  object space 131072K, 65% used [0x00000006f8000000,0x00000006fd33c360,0x0000000700000000)
}
Event: 119.848 GC heap before
{Heap before GC invocations=29 (full 2):
 PSYoungGen      total 741056K, used 720010K [0x00000007c0000000, 0x00000007f0880000, 0x0000000800000000)
  eden space 687488K, 100% used [0x00000007c0000000,0x00000007e9f60000,0x00000007e9f60000)
  from space 53568K, 60% used [0x00000007ed430000,0x00000007ef3f28a8,0x00000007f0880000)
  to   space 53824K, 0% used [0x00000007e9f60000,0x00000007e9f60000,0x00000007ed3f0000)
 ParOldGen       total 134720K, used 75468K [0x0000000700000000, 0x0000000708390000, 0x00000007c0000000)
  object space 134720K, 56% used [0x0000000700000000,0x00000007049b33c0,0x0000000708390000)
 PSPermGen       total 131072K, used 85253K [0x00000006f8000000, 0x0000000700000000, 0x0000000700000000)
  object space 131072K, 65% used [0x00000006f8000000,0x00000006fd341658,0x0000000700000000)
Event: 119.865 GC heap after
Heap after GC invocations=29 (full 2):
 PSYoungGen      total 741312K, used 32728K [0x00000007c0000000, 0x00000007f3500000, 0x0000000800000000)
  eden space 687488K, 0% used [0x00000007c0000000,0x00000007c0000000,0x00000007e9f60000)
  from space 53824K, 60% used [0x00000007e9f60000,0x00000007ebf56070,0x00000007ed3f0000)
  to   space 53760K, 0% used [0x00000007f0080000,0x00000007f0080000,0x00000007f3500000)
 ParOldGen       total 134720K, used 75468K [0x0000000700000000, 0x0000000708390000, 0x00000007c0000000)
  object space 134720K, 56% used [0x0000000700000000,0x00000007049b33c0,0x0000000708390000)
 PSPermGen       total 131072K, used 85253K [0x00000006f8000000, 0x0000000700000000, 0x0000000700000000)
  object space 131072K, 65% used [0x00000006f8000000,0x00000006fd341658,0x0000000700000000)
}
Event: 123.716 GC heap before
{Heap before GC invocations=30 (full 2):
 PSYoungGen      total 741312K, used 718510K [0x00000007c0000000, 0x00000007f3500000, 0x0000000800000000)
  eden space 687488K, 99% used [0x00000007c0000000,0x00000007e9db5980,0x00000007e9f60000)
  from space 53824K, 60% used [0x00000007e9f60000,0x00000007ebf56070,0x00000007ed3f0000)
  to   space 53760K, 0% used [0x00000007f0080000,0x00000007f0080000,0x00000007f3500000)
 ParOldGen       total 134720K, used 75468K [0x0000000700000000, 0x0000000708390000, 0x00000007c0000000)
  object space 134720K, 56% used [0x0000000700000000,0x00000007049b33c0,0x0000000708390000)
 PSPermGen       total 131072K, used 85327K [0x00000006f8000000, 0x0000000700000000, 0x0000000700000000)
  object space 131072K, 65% used [0x00000006f8000000,0x00000006fd353f20,0x0000000700000000)
Event: 123.736 GC heap after
Heap after GC invocations=30 (full 2):
 PSYoungGen      total 787008K, used 32978K [0x00000007c0000000, 0x00000007f34f0000, 0x0000000800000000)
  eden space 733312K, 0% used [0x00000007c0000000,0x00000007c0000000,0x00000007ecc20000)
  from space 53696K, 61% used [0x00000007f0080000,0x00000007f20b4968,0x00000007f34f0000)
  to   space 53632K, 0% used [0x00000007ecc20000,0x00000007ecc20000,0x00000007f0080000)
 ParOldGen       total 134720K, used 75468K [0x0000000700000000, 0x0000000708390000, 0x00000007c0000000)
  object space 134720K, 56% used [0x0000000700000000,0x00000007049b33c0,0x0000000708390000)
 PSPermGen       total 131072K, used 85327K [0x00000006f8000000, 0x0000000700000000, 0x0000000700000000)
  object space 131072K, 65% used [0x00000006f8000000,0x00000006fd353f20,0x0000000700000000)
}

