# JRE version: 7.0_11-b21
# Java VM: Java HotSpot(TM) 64-Bit Server VM (23.6-b04 mixed mode windows-amd64 compressed oops)
Heap
 PSYoungGen      total 1040832K, used 972455K [0x00000007c0000000, 0x00000007ffff0000, 0x0000000800000000)
  eden space 1033984K, 93% used [0x00000007c0000000,0x00000007fb501c30,0x00000007ff1c0000)
  from space 6848K, 9% used [0x00000007ff1c0000,0x00000007ff268000,0x00000007ff870000)
  to   space 6528K, 0% used [0x00000007ff990000,0x00000007ff990000,0x00000007ffff0000)
 ParOldGen       total 95680K, used 68574K [0x0000000700000000, 0x0000000705d70000, 0x00000007c0000000)
  object space 95680K, 71% used [0x0000000700000000,0x00000007042f7b20,0x0000000705d70000)
 PSPermGen       total 93248K, used 83185K [0x00000006f8000000, 0x00000006fdb10000, 0x0000000700000000)
  object space 93248K, 89% used [0x00000006f8000000,0x00000006fd13c698,0x00000006fdb10000)
GC Heap History (10 events):
Event: 42.923 GC heap before
{Heap before GC invocations=451 (full 5):
 PSYoungGen      total 1041152K, used 128K [0x00000007c0000000, 0x0000000800000000, 0x0000000800000000)
  eden space 1033536K, 0% used [0x00000007c0000000,0x00000007c0000000,0x00000007ff150000)
  from space 7616K, 1% used [0x00000007ff890000,0x00000007ff8b0000,0x0000000800000000)
  to   space 7424K, 0% used [0x00000007ff150000,0x00000007ff150000,0x00000007ff890000)
 ParOldGen       total 95680K, used 70040K [0x0000000700000000, 0x0000000705d70000, 0x00000007c0000000)
  object space 95680K, 73% used [0x0000000700000000,0x00000007044663e0,0x0000000705d70000)
 PSPermGen       total 93248K, used 82319K [0x00000006f8000000, 0x00000006fdb10000, 0x0000000700000000)
  object space 93248K, 88% used [0x00000006f8000000,0x00000006fd063f28,0x00000006fdb10000)
Event: 43.046 GC heap after
Heap after GC invocations=451 (full 5):
 PSYoungGen      total 1041152K, used 0K [0x00000007c0000000, 0x0000000800000000, 0x0000000800000000)
  eden space 1033536K, 0% used [0x00000007c0000000,0x00000007c0000000,0x00000007ff150000)
  from space 7616K, 0% used [0x00000007ff890000,0x00000007ff890000,0x0000000800000000)
  to   space 7424K, 0% used [0x00000007ff150000,0x00000007ff150000,0x00000007ff890000)
 ParOldGen       total 95680K, used 69868K [0x0000000700000000, 0x0000000705d70000, 0x00000007c0000000)
  object space 95680K, 73% used [0x0000000700000000,0x000000070443b338,0x0000000705d70000)
 PSPermGen       total 93248K, used 82319K [0x00000006f8000000, 0x00000006fdb10000, 0x0000000700000000)
  object space 93248K, 88% used [0x00000006f8000000,0x00000006fd063f28,0x00000006fdb10000)
}
Event: 43.051 GC heap before
{Heap before GC invocations=452 (full 5):
 PSYoungGen      total 1041152K, used 305008K [0x00000007c0000000, 0x0000000800000000, 0x0000000800000000)
  eden space 1033536K, 29% used [0x00000007c0000000,0x00000007d29dc188,0x00000007ff150000)
  from space 7616K, 0% used [0x00000007ff890000,0x00000007ff890000,0x0000000800000000)
  to   space 7424K, 0% used [0x00000007ff150000,0x00000007ff150000,0x00000007ff890000)
 ParOldGen       total 95680K, used 69868K [0x0000000700000000, 0x0000000705d70000, 0x00000007c0000000)
  object space 95680K, 73% used [0x0000000700000000,0x000000070443b338,0x0000000705d70000)
 PSPermGen       total 93248K, used 82319K [0x00000006f8000000, 0x00000006fdb10000, 0x0000000700000000)
  object space 93248K, 88% used [0x00000006f8000000,0x00000006fd063f48,0x00000006fdb10000)
Event: 43.054 GC heap after
Heap after GC invocations=452 (full 5):
 PSYoungGen      total 1040960K, used 224K [0x00000007c0000000, 0x0000000800000000, 0x0000000800000000)
  eden space 1033536K, 0% used [0x00000007c0000000,0x00000007c0000000,0x00000007ff150000)
  from space 7424K, 3% used [0x00000007ff150000,0x00000007ff188000,0x00000007ff890000)
  to   space 7168K, 0% used [0x00000007ff900000,0x00000007ff900000,0x0000000800000000)
 ParOldGen       total 95680K, used 69868K [0x0000000700000000, 0x0000000705d70000, 0x00000007c0000000)
  object space 95680K, 73% used [0x0000000700000000,0x000000070443b338,0x0000000705d70000)
 PSPermGen       total 93248K, used 82319K [0x00000006f8000000, 0x00000006fdb10000, 0x0000000700000000)
  object space 93248K, 88% used [0x00000006f8000000,0x00000006fd063f48,0x00000006fdb10000)
}
Event: 43.054 GC heap before
{Heap before GC invocations=453 (full 6):
 PSYoungGen      total 1040960K, used 224K [0x00000007c0000000, 0x0000000800000000, 0x0000000800000000)
  eden space 1033536K, 0% used [0x00000007c0000000,0x00000007c0000000,0x00000007ff150000)
  from space 7424K, 3% used [0x00000007ff150000,0x00000007ff188000,0x00000007ff890000)
  to   space 7168K, 0% used [0x00000007ff900000,0x00000007ff900000,0x0000000800000000)
 ParOldGen       total 95680K, used 69868K [0x0000000700000000, 0x0000000705d70000, 0x00000007c0000000)
  object space 95680K, 73% used [0x0000000700000000,0x000000070443b338,0x0000000705d70000)
 PSPermGen       total 93248K, used 82319K [0x00000006f8000000, 0x00000006fdb10000, 0x0000000700000000)
  object space 93248K, 88% used [0x00000006f8000000,0x00000006fd063f48,0x00000006fdb10000)
Event: 43.151 GC heap after
Heap after GC invocations=453 (full 6):
 PSYoungGen      total 1040960K, used 0K [0x00000007c0000000, 0x0000000800000000, 0x0000000800000000)
  eden space 1033536K, 0% used [0x00000007c0000000,0x00000007c0000000,0x00000007ff150000)
  from space 7424K, 0% used [0x00000007ff150000,0x00000007ff150000,0x00000007ff890000)
  to   space 7168K, 0% used [0x00000007ff900000,0x00000007ff900000,0x0000000800000000)
 ParOldGen       total 95680K, used 68498K [0x0000000700000000, 0x0000000705d70000, 0x00000007c0000000)
  object space 95680K, 71% used [0x0000000700000000,0x00000007042e4a48,0x0000000705d70000)
 PSPermGen       total 93248K, used 82319K [0x00000006f8000000, 0x00000006fdb10000, 0x0000000700000000)
  object space 93248K, 88% used [0x00000006f8000000,0x00000006fd063f48,0x00000006fdb10000)
}
Event: 43.190 GC heap before
{Heap before GC invocations=454 (full 6):
 PSYoungGen      total 1040960K, used 1033536K [0x00000007c0000000, 0x0000000800000000, 0x0000000800000000)
  eden space 1033536K, 100% used [0x00000007c0000000,0x00000007ff150000,0x00000007ff150000)
  from space 7424K, 0% used [0x00000007ff150000,0x00000007ff150000,0x00000007ff890000)
  to   space 7168K, 0% used [0x00000007ff900000,0x00000007ff900000,0x0000000800000000)
 ParOldGen       total 95680K, used 68503K [0x0000000700000000, 0x0000000705d70000, 0x00000007c0000000)
  object space 95680K, 71% used [0x0000000700000000,0x00000007042e5f60,0x0000000705d70000)
 PSPermGen       total 93248K, used 82352K [0x00000006f8000000, 0x00000006fdb10000, 0x0000000700000000)
  object space 93248K, 88% used [0x00000006f8000000,0x00000006fd06c3a0,0x00000006fdb10000)
Event: 43.194 GC heap after
Heap after GC invocations=454 (full 6):
 PSYoungGen      total 1040256K, used 224K [0x00000007c0000000, 0x00000007fff20000, 0x0000000800000000)
  eden space 1033984K, 0% used [0x00000007c0000000,0x00000007c0000000,0x00000007ff1c0000)
  from space 6272K, 3% used [0x00000007ff900000,0x00000007ff938000,0x00000007fff20000)
  to   space 6848K, 0% used [0x00000007ff1c0000,0x00000007ff1c0000,0x00000007ff870000)
 ParOldGen       total 95680K, used 68503K [0x0000000700000000, 0x0000000705d70000, 0x00000007c0000000)
  object space 95680K, 71% used [0x0000000700000000,0x00000007042e5f60,0x0000000705d70000)
 PSPermGen       total 93248K, used 82352K [0x00000006f8000000, 0x00000006fdb10000, 0x0000000700000000)
  object space 93248K, 88% used [0x00000006f8000000,0x00000006fd06c3a0,0x00000006fdb10000)
}
Event: 44.380 GC heap before
{Heap before GC invocations=455 (full 6):
 PSYoungGen      total 1040256K, used 1034208K [0x00000007c0000000, 0x00000007fff20000, 0x0000000800000000)
  eden space 1033984K, 100% used [0x00000007c0000000,0x00000007ff1c0000,0x00000007ff1c0000)
  from space 6272K, 3% used [0x00000007ff900000,0x00000007ff938000,0x00000007fff20000)
  to   space 6848K, 0% used [0x00000007ff1c0000,0x00000007ff1c0000,0x00000007ff870000)
 ParOldGen       total 95680K, used 68507K [0x0000000700000000, 0x0000000705d70000, 0x00000007c0000000)
  object space 95680K, 71% used [0x0000000700000000,0x00000007042e6c08,0x0000000705d70000)
 PSPermGen       total 93248K, used 82980K [0x00000006f8000000, 0x00000006fdb10000, 0x0000000700000000)
  object space 93248K, 88% used [0x00000006f8000000,0x00000006fd109330,0x00000006fdb10000)
Event: 44.383 GC heap after
Heap after GC invocations=455 (full 6):
 PSYoungGen      total 1040832K, used 672K [0x00000007c0000000, 0x00000007ffff0000, 0x0000000800000000)
  eden space 1033984K, 0% used [0x00000007c0000000,0x00000007c0000000,0x00000007ff1c0000)
  from space 6848K, 9% used [0x00000007ff1c0000,0x00000007ff268000,0x00000007ff870000)
  to   space 6528K, 0% used [0x00000007ff990000,0x00000007ff990000,0x00000007ffff0000)
 ParOldGen       total 95680K, used 68574K [0x0000000700000000, 0x0000000705d70000, 0x00000007c0000000)
  object space 95680K, 71% used [0x0000000700000000,0x00000007042f7b20,0x0000000705d70000)
 PSPermGen       total 93248K, used 82980K [0x00000006f8000000, 0x00000006fdb10000, 0x0000000700000000)
  object space 93248K, 88% used [0x00000006f8000000,0x00000006fd109330,0x00000006fdb10000)
}

