# JRE version: 7.0_11-b21
# Java VM: Java HotSpot(TM) 64-Bit Server VM (23.6-b04 mixed mode windows-amd64 compressed oops)
Heap
 PSYoungGen      total 761152K, used 215899K [0x00000007c0000000, 0x00000007efbb0000, 0x0000000800000000)
  eden space 740544K, 27% used [0x00000007c0000000,0x00000007cc96afb8,0x00000007ed330000)
  from space 20608K, 46% used [0x00000007ee790000,0x00000007ef0fbfa0,0x00000007efbb0000)
  to   space 20736K, 0% used [0x00000007ed330000,0x00000007ed330000,0x00000007ee770000)
 ParOldGen       total 129024K, used 74964K [0x0000000700000000, 0x0000000707e00000, 0x00000007c0000000)
  object space 129024K, 58% used [0x0000000700000000,0x0000000704935330,0x0000000707e00000)
 PSPermGen       total 97920K, used 85255K [0x00000006f8000000, 0x00000006fdfa0000, 0x0000000700000000)
  object space 97920K, 87% used [0x00000006f8000000,0x00000006fd341fb0,0x00000006fdfa0000)
GC Heap History (10 events):
Event: 85.476 GC heap before
{Heap before GC invocations=30 (full 2):
 PSYoungGen      total 621568K, used 602871K [0x00000007c0000000, 0x00000007ea6b0000, 0x0000000800000000)
  eden space 594432K, 100% used [0x00000007c0000000,0x00000007e4480000,0x00000007e4480000)
  from space 27136K, 31% used [0x00000007e4480000,0x00000007e4cbdc20,0x00000007e5f00000)
  to   space 25856K, 0% used [0x00000007e8d70000,0x00000007e8d70000,0x00000007ea6b0000)
 ParOldGen       total 129024K, used 74964K [0x0000000700000000, 0x0000000707e00000, 0x00000007c0000000)
  object space 129024K, 58% used [0x0000000700000000,0x0000000704935330,0x0000000707e00000)
 PSPermGen       total 97920K, used 85023K [0x00000006f8000000, 0x00000006fdfa0000, 0x0000000700000000)
  object space 97920K, 86% used [0x00000006f8000000,0x00000006fd307cb8,0x00000006fdfa0000)
Event: 85.492 GC heap after
Heap after GC invocations=30 (full 2):
 PSYoungGen      total 666688K, used 8375K [0x00000007c0000000, 0x00000007ea450000, 0x0000000800000000)
  eden space 643264K, 0% used [0x00000007c0000000,0x00000007c0000000,0x00000007e7430000)
  from space 23424K, 35% used [0x00000007e8d70000,0x00000007e959dc20,0x00000007ea450000)
  to   space 24640K, 0% used [0x00000007e7430000,0x00000007e7430000,0x00000007e8c40000)
 ParOldGen       total 129024K, used 74964K [0x0000000700000000, 0x0000000707e00000, 0x00000007c0000000)
  object space 129024K, 58% used [0x0000000700000000,0x0000000704935330,0x0000000707e00000)
 PSPermGen       total 97920K, used 85023K [0x00000006f8000000, 0x00000006fdfa0000, 0x0000000700000000)
  object space 97920K, 86% used [0x00000006f8000000,0x00000006fd307cb8,0x00000006fdfa0000)
}
Event: 89.198 GC heap before
{Heap before GC invocations=31 (full 2):
 PSYoungGen      total 666688K, used 650538K [0x00000007c0000000, 0x00000007ea450000, 0x0000000800000000)
  eden space 643264K, 99% used [0x00000007c0000000,0x00000007e731ce90,0x00000007e7430000)
  from space 23424K, 35% used [0x00000007e8d70000,0x00000007e959dc20,0x00000007ea450000)
  to   space 24640K, 0% used [0x00000007e7430000,0x00000007e7430000,0x00000007e8c40000)
 ParOldGen       total 129024K, used 74964K [0x0000000700000000, 0x0000000707e00000, 0x00000007c0000000)
  object space 129024K, 58% used [0x0000000700000000,0x0000000704935330,0x0000000707e00000)
 PSPermGen       total 97920K, used 85052K [0x00000006f8000000, 0x00000006fdfa0000, 0x0000000700000000)
  object space 97920K, 86% used [0x00000006f8000000,0x00000006fd30f200,0x00000006fdfa0000)
Event: 89.212 GC heap after
Heap after GC invocations=31 (full 2):
 PSYoungGen      total 667904K, used 8631K [0x00000007c0000000, 0x00000007ed420000, 0x0000000800000000)
  eden space 643264K, 0% used [0x00000007c0000000,0x00000007c0000000,0x00000007e7430000)
  from space 24640K, 35% used [0x00000007e7430000,0x00000007e7c9dc20,0x00000007e8c40000)
  to   space 23488K, 0% used [0x00000007ebd30000,0x00000007ebd30000,0x00000007ed420000)
 ParOldGen       total 129024K, used 74964K [0x0000000700000000, 0x0000000707e00000, 0x00000007c0000000)
  object space 129024K, 58% used [0x0000000700000000,0x0000000704935330,0x0000000707e00000)
 PSPermGen       total 97920K, used 85052K [0x00000006f8000000, 0x00000006fdfa0000, 0x0000000700000000)
  object space 97920K, 86% used [0x00000006f8000000,0x00000006fd30f200,0x00000006fdfa0000)
}
Event: 99.163 GC heap before
{Heap before GC invocations=32 (full 2):
 PSYoungGen      total 667904K, used 651895K [0x00000007c0000000, 0x00000007ed420000, 0x0000000800000000)
  eden space 643264K, 100% used [0x00000007c0000000,0x00000007e7430000,0x00000007e7430000)
  from space 24640K, 35% used [0x00000007e7430000,0x00000007e7c9dc20,0x00000007e8c40000)
  to   space 23488K, 0% used [0x00000007ebd30000,0x00000007ebd30000,0x00000007ed420000)
 ParOldGen       total 129024K, used 74964K [0x0000000700000000, 0x0000000707e00000, 0x00000007c0000000)
  object space 129024K, 58% used [0x0000000700000000,0x0000000704935330,0x0000000707e00000)
 PSPermGen       total 97920K, used 85174K [0x00000006f8000000, 0x00000006fdfa0000, 0x0000000700000000)
  object space 97920K, 86% used [0x00000006f8000000,0x00000006fd32d928,0x00000006fdfa0000)
Event: 99.178 GC heap after
Heap after GC invocations=32 (full 2):
 PSYoungGen      total 704320K, used 12336K [0x00000007c0000000, 0x00000007eccf0000, 0x0000000800000000)
  eden space 688192K, 0% used [0x00000007c0000000,0x00000007c0000000,0x00000007ea010000)
  from space 16128K, 76% used [0x00000007ebd30000,0x00000007ec93c280,0x00000007eccf0000)
  to   space 22976K, 0% used [0x00000007ea010000,0x00000007ea010000,0x00000007eb680000)
 ParOldGen       total 129024K, used 74964K [0x0000000700000000, 0x0000000707e00000, 0x00000007c0000000)
  object space 129024K, 58% used [0x0000000700000000,0x0000000704935330,0x0000000707e00000)
 PSPermGen       total 97920K, used 85174K [0x00000006f8000000, 0x00000006fdfa0000, 0x0000000700000000)
  object space 97920K, 86% used [0x00000006f8000000,0x00000006fd32d928,0x00000006fdfa0000)
}
Event: 103.056 GC heap before
{Heap before GC invocations=33 (full 2):
 PSYoungGen      total 704320K, used 698661K [0x00000007c0000000, 0x00000007eccf0000, 0x0000000800000000)
  eden space 688192K, 99% used [0x00000007c0000000,0x00000007e9e3d548,0x00000007ea010000)
  from space 16128K, 76% used [0x00000007ebd30000,0x00000007ec93c280,0x00000007eccf0000)
  to   space 22976K, 0% used [0x00000007ea010000,0x00000007ea010000,0x00000007eb680000)
 ParOldGen       total 129024K, used 74964K [0x0000000700000000, 0x0000000707e00000, 0x00000007c0000000)
  object space 129024K, 58% used [0x0000000700000000,0x0000000704935330,0x0000000707e00000)
 PSPermGen       total 97920K, used 85201K [0x00000006f8000000, 0x00000006fdfa0000, 0x0000000700000000)
  object space 97920K, 87% used [0x00000006f8000000,0x00000006fd334718,0x00000006fdfa0000)
Event: 103.076 GC heap after
Heap after GC invocations=33 (full 2):
 PSYoungGen      total 711168K, used 9575K [0x00000007c0000000, 0x00000007efce0000, 0x0000000800000000)
  eden space 688192K, 0% used [0x00000007c0000000,0x00000007c0000000,0x00000007ea010000)
  from space 22976K, 41% used [0x00000007ea010000,0x00000007ea969d20,0x00000007eb680000)
  to   space 21824K, 0% used [0x00000007ee790000,0x00000007ee790000,0x00000007efce0000)
 ParOldGen       total 129024K, used 74964K [0x0000000700000000, 0x0000000707e00000, 0x00000007c0000000)
  object space 129024K, 58% used [0x0000000700000000,0x0000000704935330,0x0000000707e00000)
 PSPermGen       total 97920K, used 85201K [0x00000006f8000000, 0x00000006fdfa0000, 0x0000000700000000)
  object space 97920K, 87% used [0x00000006f8000000,0x00000006fd334718,0x00000006fdfa0000)
}
Event: 107.007 GC heap before
{Heap before GC invocations=34 (full 2):
 PSYoungGen      total 711168K, used 697008K [0x00000007c0000000, 0x00000007efce0000, 0x0000000800000000)
  eden space 688192K, 99% used [0x00000007c0000000,0x00000007e9f52460,0x00000007ea010000)
  from space 22976K, 41% used [0x00000007ea010000,0x00000007ea969d20,0x00000007eb680000)
  to   space 21824K, 0% used [0x00000007ee790000,0x00000007ee790000,0x00000007efce0000)
 ParOldGen       total 129024K, used 74964K [0x0000000700000000, 0x0000000707e00000, 0x00000007c0000000)
  object space 129024K, 58% used [0x0000000700000000,0x0000000704935330,0x0000000707e00000)
 PSPermGen       total 97920K, used 85220K [0x00000006f8000000, 0x00000006fdfa0000, 0x0000000700000000)
  object space 97920K, 87% used [0x00000006f8000000,0x00000006fd3392d8,0x00000006fdfa0000)
Event: 107.025 GC heap after
Heap after GC invocations=34 (full 2):
 PSYoungGen      total 761152K, used 9647K [0x00000007c0000000, 0x00000007efbb0000, 0x0000000800000000)
  eden space 740544K, 0% used [0x00000007c0000000,0x00000007c0000000,0x00000007ed330000)
  from space 20608K, 46% used [0x00000007ee790000,0x00000007ef0fbfa0,0x00000007efbb0000)
  to   space 20736K, 0% used [0x00000007ed330000,0x00000007ed330000,0x00000007ee770000)
 ParOldGen       total 129024K, used 74964K [0x0000000700000000, 0x0000000707e00000, 0x00000007c0000000)
  object space 129024K, 58% used [0x0000000700000000,0x0000000704935330,0x0000000707e00000)
 PSPermGen       total 97920K, used 85220K [0x00000006f8000000, 0x00000006fdfa0000, 0x0000000700000000)
  object space 97920K, 87% used [0x00000006f8000000,0x00000006fd3392d8,0x00000006fdfa0000)
}

