# JRE version: 7.0_11-b21
# Java VM: Java HotSpot(TM) 64-Bit Server VM (23.6-b04 mixed mode windows-amd64 compressed oops)
Heap
 PSYoungGen      total 85440K, used 39420K [0x00000000fa000000, 0x00000000fff90000, 0x0000000100000000)
  eden space 72576K, 51% used [0x00000000fa000000,0x00000000fc462a60,0x00000000fe6e0000)
  from space 12864K, 16% used [0x00000000fe6e0000,0x00000000fe8fc860,0x00000000ff370000)
  to   space 12160K, 0% used [0x00000000ff3b0000,0x00000000ff3b0000,0x00000000fff90000)
 ParOldGen       total 124160K, used 62618K [0x00000000e8000000, 0x00000000ef940000, 0x00000000fa000000)
  object space 124160K, 50% used [0x00000000e8000000,0x00000000ebd269b0,0x00000000ef940000)
 PSPermGen       total 124160K, used 84979K [0x00000000e0000000, 0x00000000e7940000, 0x00000000e8000000)
  object space 124160K, 68% used [0x00000000e0000000,0x00000000e52fcd50,0x00000000e7940000)
GC Heap History (10 events):
Event: 68.255 GC heap before
{Heap before GC invocations=524 (full 6):
 PSYoungGen      total 76480K, used 76417K [0x00000000fa000000, 0x00000000ffef0000, 0x0000000100000000)
  eden space 76224K, 100% used [0x00000000fa000000,0x00000000fea70000,0x00000000fea70000)
  from space 256K, 75% used [0x00000000fea70000,0x00000000feaa05f0,0x00000000feab0000)
  to   space 10496K, 0% used [0x00000000ff4b0000,0x00000000ff4b0000,0x00000000ffef0000)
 ParOldGen       total 97280K, used 81349K [0x00000000e8000000, 0x00000000edf00000, 0x00000000fa000000)
  object space 97280K, 83% used [0x00000000e8000000,0x00000000ecf71738,0x00000000edf00000)
 PSPermGen       total 125312K, used 82885K [0x00000000e0000000, 0x00000000e7a60000, 0x00000000e8000000)
  object space 125312K, 66% used [0x00000000e0000000,0x00000000e50f1460,0x00000000e7a60000)
Event: 68.260 GC heap after
Heap after GC invocations=524 (full 6):
 PSYoungGen      total 87104K, used 288K [0x00000000fa000000, 0x0000000100000000, 0x0000000100000000)
  eden space 76608K, 0% used [0x00000000fa000000,0x00000000fa000000,0x00000000fead0000)
  from space 10496K, 2% used [0x00000000ff4b0000,0x00000000ff4f8000,0x00000000ffef0000)
  to   space 10112K, 0% used [0x00000000fead0000,0x00000000fead0000,0x00000000ff4b0000)
 ParOldGen       total 97280K, used 81407K [0x00000000e8000000, 0x00000000edf00000, 0x00000000fa000000)
  object space 97280K, 83% used [0x00000000e8000000,0x00000000ecf7fd28,0x00000000edf00000)
 PSPermGen       total 125312K, used 82885K [0x00000000e0000000, 0x00000000e7a60000, 0x00000000e8000000)
  object space 125312K, 66% used [0x00000000e0000000,0x00000000e50f1460,0x00000000e7a60000)
}
Event: 71.289 GC heap before
{Heap before GC invocations=525 (full 6):
 PSYoungGen      total 87104K, used 76896K [0x00000000fa000000, 0x0000000100000000, 0x0000000100000000)
  eden space 76608K, 100% used [0x00000000fa000000,0x00000000fead0000,0x00000000fead0000)
  from space 10496K, 2% used [0x00000000ff4b0000,0x00000000ff4f8000,0x00000000ffef0000)
  to   space 10112K, 0% used [0x00000000fead0000,0x00000000fead0000,0x00000000ff4b0000)
 ParOldGen       total 97280K, used 81407K [0x00000000e8000000, 0x00000000edf00000, 0x00000000fa000000)
  object space 97280K, 83% used [0x00000000e8000000,0x00000000ecf7fd28,0x00000000edf00000)
 PSPermGen       total 125312K, used 83617K [0x00000000e0000000, 0x00000000e7a60000, 0x00000000e8000000)
  object space 125312K, 66% used [0x00000000e0000000,0x00000000e51a8408,0x00000000e7a60000)
Event: 71.294 GC heap after
Heap after GC invocations=525 (full 6):
 PSYoungGen      total 85952K, used 9309K [0x00000000fa000000, 0x0000000100000000, 0x0000000100000000)
  eden space 76608K, 0% used [0x00000000fa000000,0x00000000fa000000,0x00000000fead0000)
  from space 9344K, 99% used [0x00000000fead0000,0x00000000ff3e7538,0x00000000ff3f0000)
  to   space 11904K, 0% used [0x00000000ff460000,0x00000000ff460000,0x0000000100000000)
 ParOldGen       total 97280K, used 88524K [0x00000000e8000000, 0x00000000edf00000, 0x00000000fa000000)
  object space 97280K, 90% used [0x00000000e8000000,0x00000000ed673180,0x00000000edf00000)
 PSPermGen       total 125312K, used 83617K [0x00000000e0000000, 0x00000000e7a60000, 0x00000000e8000000)
  object space 125312K, 66% used [0x00000000e0000000,0x00000000e51a8408,0x00000000e7a60000)
}
Event: 71.294 GC heap before
{Heap before GC invocations=526 (full 7):
 PSYoungGen      total 85952K, used 9309K [0x00000000fa000000, 0x0000000100000000, 0x0000000100000000)
  eden space 76608K, 0% used [0x00000000fa000000,0x00000000fa000000,0x00000000fead0000)
  from space 9344K, 99% used [0x00000000fead0000,0x00000000ff3e7538,0x00000000ff3f0000)
  to   space 11904K, 0% used [0x00000000ff460000,0x00000000ff460000,0x0000000100000000)
 ParOldGen       total 97280K, used 88524K [0x00000000e8000000, 0x00000000edf00000, 0x00000000fa000000)
  object space 97280K, 90% used [0x00000000e8000000,0x00000000ed673180,0x00000000edf00000)
 PSPermGen       total 125312K, used 83617K [0x00000000e0000000, 0x00000000e7a60000, 0x00000000e8000000)
  object space 125312K, 66% used [0x00000000e0000000,0x00000000e51a8408,0x00000000e7a60000)
Event: 71.396 GC heap after
Heap after GC invocations=526 (full 7):
 PSYoungGen      total 85952K, used 0K [0x00000000fa000000, 0x0000000100000000, 0x0000000100000000)
  eden space 76608K, 0% used [0x00000000fa000000,0x00000000fa000000,0x00000000fead0000)
  from space 9344K, 0% used [0x00000000fead0000,0x00000000fead0000,0x00000000ff3f0000)
  to   space 11904K, 0% used [0x00000000ff460000,0x00000000ff460000,0x0000000100000000)
 ParOldGen       total 124160K, used 62610K [0x00000000e8000000, 0x00000000ef940000, 0x00000000fa000000)
  object space 124160K, 50% used [0x00000000e8000000,0x00000000ebd249b0,0x00000000ef940000)
 PSPermGen       total 124160K, used 83615K [0x00000000e0000000, 0x00000000e7940000, 0x00000000e8000000)
  object space 124160K, 67% used [0x00000000e0000000,0x00000000e51a7ce0,0x00000000e7940000)
}
Event: 71.505 GC heap before
{Heap before GC invocations=527 (full 7):
 PSYoungGen      total 85952K, used 76608K [0x00000000fa000000, 0x0000000100000000, 0x0000000100000000)
  eden space 76608K, 100% used [0x00000000fa000000,0x00000000fead0000,0x00000000fead0000)
  from space 9344K, 0% used [0x00000000fead0000,0x00000000fead0000,0x00000000ff3f0000)
  to   space 11904K, 0% used [0x00000000ff460000,0x00000000ff460000,0x0000000100000000)
 ParOldGen       total 124160K, used 62610K [0x00000000e8000000, 0x00000000ef940000, 0x00000000fa000000)
  object space 124160K, 50% used [0x00000000e8000000,0x00000000ebd249b0,0x00000000ef940000)
 PSPermGen       total 124160K, used 84659K [0x00000000e0000000, 0x00000000e7940000, 0x00000000e8000000)
  object space 124160K, 68% used [0x00000000e0000000,0x00000000e52ace10,0x00000000e7940000)
Event: 71.509 GC heap after
Heap after GC invocations=527 (full 7):
 PSYoungGen      total 84480K, used 8077K [0x00000000fa000000, 0x0000000100000000, 0x0000000100000000)
  eden space 72576K, 0% used [0x00000000fa000000,0x00000000fa000000,0x00000000fe6e0000)
  from space 11904K, 67% used [0x00000000ff460000,0x00000000ffc435b8,0x0000000100000000)
  to   space 12864K, 0% used [0x00000000fe6e0000,0x00000000fe6e0000,0x00000000ff370000)
 ParOldGen       total 124160K, used 62610K [0x00000000e8000000, 0x00000000ef940000, 0x00000000fa000000)
  object space 124160K, 50% used [0x00000000e8000000,0x00000000ebd249b0,0x00000000ef940000)
 PSPermGen       total 124160K, used 84659K [0x00000000e0000000, 0x00000000e7940000, 0x00000000e8000000)
  object space 124160K, 68% used [0x00000000e0000000,0x00000000e52ace10,0x00000000e7940000)
}
Event: 71.576 GC heap before
{Heap before GC invocations=528 (full 7):
 PSYoungGen      total 84480K, used 80653K [0x00000000fa000000, 0x0000000100000000, 0x0000000100000000)
  eden space 72576K, 100% used [0x00000000fa000000,0x00000000fe6e0000,0x00000000fe6e0000)
  from space 11904K, 67% used [0x00000000ff460000,0x00000000ffc435b8,0x0000000100000000)
  to   space 12864K, 0% used [0x00000000fe6e0000,0x00000000fe6e0000,0x00000000ff370000)
 ParOldGen       total 124160K, used 62610K [0x00000000e8000000, 0x00000000ef940000, 0x00000000fa000000)
  object space 124160K, 50% used [0x00000000e8000000,0x00000000ebd249b0,0x00000000ef940000)
 PSPermGen       total 124160K, used 84872K [0x00000000e0000000, 0x00000000e7940000, 0x00000000e8000000)
  object space 124160K, 68% used [0x00000000e0000000,0x00000000e52e2030,0x00000000e7940000)
Event: 71.579 GC heap after
Heap after GC invocations=528 (full 7):
 PSYoungGen      total 85440K, used 2162K [0x00000000fa000000, 0x00000000fff90000, 0x0000000100000000)
  eden space 72576K, 0% used [0x00000000fa000000,0x00000000fa000000,0x00000000fe6e0000)
  from space 12864K, 16% used [0x00000000fe6e0000,0x00000000fe8fc860,0x00000000ff370000)
  to   space 12160K, 0% used [0x00000000ff3b0000,0x00000000ff3b0000,0x00000000fff90000)
 ParOldGen       total 124160K, used 62618K [0x00000000e8000000, 0x00000000ef940000, 0x00000000fa000000)
  object space 124160K, 50% used [0x00000000e8000000,0x00000000ebd269b0,0x00000000ef940000)
 PSPermGen       total 124160K, used 84872K [0x00000000e0000000, 0x00000000e7940000, 0x00000000e8000000)
  object space 124160K, 68% used [0x00000000e0000000,0x00000000e52e2030,0x00000000e7940000)
}

