# JRE version: 7.0_11-b21
# Java VM: Java HotSpot(TM) 64-Bit Server VM (23.6-b04 mixed mode windows-amd64 compressed oops)
Heap
 PSYoungGen      total 94848K, used 74121K [0x00000000fa000000, 0x0000000100000000, 0x0000000100000000)
  eden space 91904K, 80% used [0x00000000fa000000,0x00000000fe862520,0x00000000ff9c0000)
  from space 2944K, 0% used [0x00000000ffd20000,0x00000000ffd20000,0x0000000100000000)
  to   space 3200K, 0% used [0x00000000ff9c0000,0x00000000ff9c0000,0x00000000ffce0000)
 ParOldGen       total 144960K, used 63774K [0x00000000e8000000, 0x00000000f0d90000, 0x00000000fa000000)
  object space 144960K, 43% used [0x00000000e8000000,0x00000000ebe47ac0,0x00000000f0d90000)
 PSPermGen       total 105536K, used 88265K [0x00000000e0000000, 0x00000000e6710000, 0x00000000e8000000)
  object space 105536K, 83% used [0x00000000e0000000,0x00000000e56327e8,0x00000000e6710000)
GC Heap History (10 events):
Event: 205.019 GC heap before
{Heap before GC invocations=4851 (full 14):
 PSYoungGen      total 95552K, used 91000K [0x00000000fa000000, 0x00000000fffa0000, 0x0000000100000000)
  eden space 93184K, 97% used [0x00000000fa000000,0x00000000ff8b5a88,0x00000000ffb00000)
  from space 2368K, 6% used [0x00000000ffd50000,0x00000000ffd785f0,0x00000000fffa0000)
  to   space 2368K, 0% used [0x00000000ffb00000,0x00000000ffb00000,0x00000000ffd50000)
 ParOldGen       total 139584K, used 92208K [0x00000000e8000000, 0x00000000f0850000, 0x00000000fa000000)
  object space 139584K, 66% used [0x00000000e8000000,0x00000000eda0c2d8,0x00000000f0850000)
 PSPermGen       total 108800K, used 88238K [0x00000000e0000000, 0x00000000e6a40000, 0x00000000e8000000)
  object space 108800K, 81% used [0x00000000e0000000,0x00000000e562b830,0x00000000e6a40000)
Event: 205.023 GC heap after
Heap after GC invocations=4851 (full 14):
 PSYoungGen      total 95552K, used 259K [0x00000000fa000000, 0x00000000fffc0000, 0x0000000100000000)
  eden space 93184K, 0% used [0x00000000fa000000,0x00000000fa000000,0x00000000ffb00000)
  from space 2368K, 10% used [0x00000000ffb00000,0x00000000ffb40fb8,0x00000000ffd50000)
  to   space 2240K, 0% used [0x00000000ffd90000,0x00000000ffd90000,0x00000000fffc0000)
 ParOldGen       total 139584K, used 92274K [0x00000000e8000000, 0x00000000f0850000, 0x00000000fa000000)
  object space 139584K, 66% used [0x00000000e8000000,0x00000000eda1c8c8,0x00000000f0850000)
 PSPermGen       total 108800K, used 88238K [0x00000000e0000000, 0x00000000e6a40000, 0x00000000e8000000)
  object space 108800K, 81% used [0x00000000e0000000,0x00000000e562b830,0x00000000e6a40000)
}
Event: 205.711 GC heap before
{Heap before GC invocations=4852 (full 14):
 PSYoungGen      total 95552K, used 93164K [0x00000000fa000000, 0x00000000fffc0000, 0x0000000100000000)
  eden space 93184K, 99% used [0x00000000fa000000,0x00000000ffaba0c8,0x00000000ffb00000)
  from space 2368K, 10% used [0x00000000ffb00000,0x00000000ffb40fb8,0x00000000ffd50000)
  to   space 2240K, 0% used [0x00000000ffd90000,0x00000000ffd90000,0x00000000fffc0000)
 ParOldGen       total 139584K, used 92274K [0x00000000e8000000, 0x00000000f0850000, 0x00000000fa000000)
  object space 139584K, 66% used [0x00000000e8000000,0x00000000eda1c8c8,0x00000000f0850000)
 PSPermGen       total 108800K, used 88242K [0x00000000e0000000, 0x00000000e6a40000, 0x00000000e8000000)
  object space 108800K, 81% used [0x00000000e0000000,0x00000000e562c978,0x00000000e6a40000)
Event: 205.715 GC heap after
Heap after GC invocations=4852 (full 14):
 PSYoungGen      total 95168K, used 2208K [0x00000000fa000000, 0x0000000100000000, 0x0000000100000000)
  eden space 92928K, 0% used [0x00000000fa000000,0x00000000fa000000,0x00000000ffac0000)
  from space 2240K, 98% used [0x00000000ffd90000,0x00000000fffb8030,0x00000000fffc0000)
  to   space 2688K, 0% used [0x00000000ffac0000,0x00000000ffac0000,0x00000000ffd60000)
 ParOldGen       total 139584K, used 109273K [0x00000000e8000000, 0x00000000f0850000, 0x00000000fa000000)
  object space 139584K, 78% used [0x00000000e8000000,0x00000000eeab66f0,0x00000000f0850000)
 PSPermGen       total 108800K, used 88242K [0x00000000e0000000, 0x00000000e6a40000, 0x00000000e8000000)
  object space 108800K, 81% used [0x00000000e0000000,0x00000000e562c978,0x00000000e6a40000)
}
Event: 205.784 GC heap before
{Heap before GC invocations=4853 (full 14):
 PSYoungGen      total 95168K, used 95136K [0x00000000fa000000, 0x0000000100000000, 0x0000000100000000)
  eden space 92928K, 100% used [0x00000000fa000000,0x00000000ffac0000,0x00000000ffac0000)
  from space 2240K, 98% used [0x00000000ffd90000,0x00000000fffb8030,0x00000000fffc0000)
  to   space 2688K, 0% used [0x00000000ffac0000,0x00000000ffac0000,0x00000000ffd60000)
 ParOldGen       total 139584K, used 109273K [0x00000000e8000000, 0x00000000f0850000, 0x00000000fa000000)
  object space 139584K, 78% used [0x00000000e8000000,0x00000000eeab66f0,0x00000000f0850000)
 PSPermGen       total 108800K, used 88243K [0x00000000e0000000, 0x00000000e6a40000, 0x00000000e8000000)
  object space 108800K, 81% used [0x00000000e0000000,0x00000000e562cdb8,0x00000000e6a40000)
Event: 205.788 GC heap after
Heap after GC invocations=4853 (full 14):
 PSYoungGen      total 94912K, used 1920K [0x00000000fa000000, 0x0000000100000000, 0x0000000100000000)
  eden space 92928K, 0% used [0x00000000fa000000,0x00000000fa000000,0x00000000ffac0000)
  from space 1984K, 96% used [0x00000000ffac0000,0x00000000ffca0030,0x00000000ffcb0000)
  to   space 2944K, 0% used [0x00000000ffd20000,0x00000000ffd20000,0x0000000100000000)
 ParOldGen       total 139584K, used 109544K [0x00000000e8000000, 0x00000000f0850000, 0x00000000fa000000)
  object space 139584K, 78% used [0x00000000e8000000,0x00000000eeafa320,0x00000000f0850000)
 PSPermGen       total 108800K, used 88243K [0x00000000e0000000, 0x00000000e6a40000, 0x00000000e8000000)
  object space 108800K, 81% used [0x00000000e0000000,0x00000000e562cdb8,0x00000000e6a40000)
}
Event: 205.869 GC heap before
{Heap before GC invocations=4854 (full 14):
 PSYoungGen      total 94912K, used 94605K [0x00000000fa000000, 0x0000000100000000, 0x0000000100000000)
  eden space 92928K, 99% used [0x00000000fa000000,0x00000000ffa83758,0x00000000ffac0000)
  from space 1984K, 96% used [0x00000000ffac0000,0x00000000ffca0030,0x00000000ffcb0000)
  to   space 2944K, 0% used [0x00000000ffd20000,0x00000000ffd20000,0x0000000100000000)
 ParOldGen       total 139584K, used 109544K [0x00000000e8000000, 0x00000000f0850000, 0x00000000fa000000)
  object space 139584K, 78% used [0x00000000e8000000,0x00000000eeafa320,0x00000000f0850000)
 PSPermGen       total 108800K, used 88246K [0x00000000e0000000, 0x00000000e6a40000, 0x00000000e8000000)
  object space 108800K, 81% used [0x00000000e0000000,0x00000000e562d968,0x00000000e6a40000)
Event: 205.872 GC heap after
Heap after GC invocations=4854 (full 14):
 PSYoungGen      total 94848K, used 2048K [0x00000000fa000000, 0x0000000100000000, 0x0000000100000000)
  eden space 91904K, 0% used [0x00000000fa000000,0x00000000fa000000,0x00000000ff9c0000)
  from space 2944K, 69% used [0x00000000ffd20000,0x00000000fff20030,0x0000000100000000)
  to   space 3200K, 0% used [0x00000000ff9c0000,0x00000000ff9c0000,0x00000000ffce0000)
 ParOldGen       total 139584K, used 120786K [0x00000000e8000000, 0x00000000f0850000, 0x00000000fa000000)
  object space 139584K, 86% used [0x00000000e8000000,0x00000000ef5f4918,0x00000000f0850000)
 PSPermGen       total 108800K, used 88246K [0x00000000e0000000, 0x00000000e6a40000, 0x00000000e8000000)
  object space 108800K, 81% used [0x00000000e0000000,0x00000000e562d968,0x00000000e6a40000)
}
Event: 205.872 GC heap before
{Heap before GC invocations=4855 (full 15):
 PSYoungGen      total 94848K, used 2048K [0x00000000fa000000, 0x0000000100000000, 0x0000000100000000)
  eden space 91904K, 0% used [0x00000000fa000000,0x00000000fa000000,0x00000000ff9c0000)
  from space 2944K, 69% used [0x00000000ffd20000,0x00000000fff20030,0x0000000100000000)
  to   space 3200K, 0% used [0x00000000ff9c0000,0x00000000ff9c0000,0x00000000ffce0000)
 ParOldGen       total 139584K, used 120786K [0x00000000e8000000, 0x00000000f0850000, 0x00000000fa000000)
  object space 139584K, 86% used [0x00000000e8000000,0x00000000ef5f4918,0x00000000f0850000)
 PSPermGen       total 108800K, used 88246K [0x00000000e0000000, 0x00000000e6a40000, 0x00000000e8000000)
  object space 108800K, 81% used [0x00000000e0000000,0x00000000e562d968,0x00000000e6a40000)
Event: 205.982 GC heap after
Heap after GC invocations=4855 (full 15):
 PSYoungGen      total 94848K, used 0K [0x00000000fa000000, 0x0000000100000000, 0x0000000100000000)
  eden space 91904K, 0% used [0x00000000fa000000,0x00000000fa000000,0x00000000ff9c0000)
  from space 2944K, 0% used [0x00000000ffd20000,0x00000000ffd20000,0x0000000100000000)
  to   space 3200K, 0% used [0x00000000ff9c0000,0x00000000ff9c0000,0x00000000ffce0000)
 ParOldGen       total 144960K, used 63774K [0x00000000e8000000, 0x00000000f0d90000, 0x00000000fa000000)
  object space 144960K, 43% used [0x00000000e8000000,0x00000000ebe47ac0,0x00000000f0d90000)
 PSPermGen       total 105536K, used 88245K [0x00000000e0000000, 0x00000000e6710000, 0x00000000e8000000)
  object space 105536K, 83% used [0x00000000e0000000,0x00000000e562d6a8,0x00000000e6710000)
}

