# JRE version: 7.0_11-b21
# Java VM: Java HotSpot(TM) 64-Bit Server VM (23.6-b04 mixed mode windows-amd64 compressed oops)
Heap
 PSYoungGen      total 498240K, used 331143K [0x00000007c0000000, 0x00000007e4cd0000, 0x0000000800000000)
  eden space 473280K, 69% used [0x00000007c0000000,0x00000007d4361c18,0x00000007dce30000)
  from space 24960K, 0% used [0x00000007dce30000,0x00000007dce30000,0x00000007de690000)
  to   space 35840K, 0% used [0x00000007e29d0000,0x00000007e29d0000,0x00000007e4cd0000)
 ParOldGen       total 112128K, used 63393K [0x0000000700000000, 0x0000000706d80000, 0x00000007c0000000)
  object space 112128K, 56% used [0x0000000700000000,0x0000000703de84c0,0x0000000706d80000)
 PSPermGen       total 125312K, used 84151K [0x00000006f8000000, 0x00000006ffa60000, 0x0000000700000000)
  object space 125312K, 67% used [0x00000006f8000000,0x00000006fd22dc20,0x00000006ffa60000)
GC Heap History (10 events):
Event: 6.130 GC heap before
{Heap before GC invocations=15 (full 1):
 PSYoungGen      total 413952K, used 12700K [0x00000007c0000000, 0x00000007da6c0000, 0x0000000800000000)
  eden space 399616K, 0% used [0x00000007c0000000,0x00000007c0000000,0x00000007d8640000)
  from space 14336K, 88% used [0x00000007d95c0000,0x00000007da227170,0x00000007da3c0000)
  to   space 15872K, 0% used [0x00000007d8640000,0x00000007d8640000,0x00000007d95c0000)
 ParOldGen       total 49152K, used 46522K [0x0000000700000000, 0x0000000703000000, 0x00000007c0000000)
  object space 49152K, 94% used [0x0000000700000000,0x0000000702d6ead0,0x0000000703000000)
 PSPermGen       total 43712K, used 43635K [0x00000006f8000000, 0x00000006faab0000, 0x0000000700000000)
  object space 43712K, 99% used [0x00000006f8000000,0x00000006faa9cc58,0x00000006faab0000)
Event: 6.261 GC heap after
Heap after GC invocations=15 (full 1):
 PSYoungGen      total 413952K, used 0K [0x00000007c0000000, 0x00000007da6c0000, 0x0000000800000000)
  eden space 399616K, 0% used [0x00000007c0000000,0x00000007c0000000,0x00000007d8640000)
  from space 14336K, 0% used [0x00000007d95c0000,0x00000007d95c0000,0x00000007da3c0000)
  to   space 15872K, 0% used [0x00000007d8640000,0x00000007d8640000,0x00000007d95c0000)
 ParOldGen       total 70528K, used 40915K [0x0000000700000000, 0x00000007044e0000, 0x00000007c0000000)
  object space 70528K, 58% used [0x0000000700000000,0x00000007027f4c90,0x00000007044e0000)
 PSPermGen       total 87808K, used 43616K [0x00000006f8000000, 0x00000006fd5c0000, 0x0000000700000000)
  object space 87808K, 49% used [0x00000006f8000000,0x00000006faa98088,0x00000006fd5c0000)
}
Event: 8.343 GC heap before
{Heap before GC invocations=16 (full 1):
 PSYoungGen      total 413952K, used 399616K [0x00000007c0000000, 0x00000007da6c0000, 0x0000000800000000)
  eden space 399616K, 100% used [0x00000007c0000000,0x00000007d8640000,0x00000007d8640000)
  from space 14336K, 0% used [0x00000007d95c0000,0x00000007d95c0000,0x00000007da3c0000)
  to   space 15872K, 0% used [0x00000007d8640000,0x00000007d8640000,0x00000007d95c0000)
 ParOldGen       total 70528K, used 40915K [0x0000000700000000, 0x00000007044e0000, 0x00000007c0000000)
  object space 70528K, 58% used [0x0000000700000000,0x00000007027f4c90,0x00000007044e0000)
 PSPermGen       total 87808K, used 50031K [0x00000006f8000000, 0x00000006fd5c0000, 0x0000000700000000)
  object space 87808K, 56% used [0x00000006f8000000,0x00000006fb0dbdc0,0x00000006fd5c0000)
Event: 8.354 GC heap after
Heap after GC invocations=16 (full 1):
 PSYoungGen      total 415488K, used 14285K [0x00000007c0000000, 0x00000007dfd40000, 0x0000000800000000)
  eden space 399616K, 0% used [0x00000007c0000000,0x00000007c0000000,0x00000007d8640000)
  from space 15872K, 90% used [0x00000007d8640000,0x00000007d9433478,0x00000007d95c0000)
  to   space 17664K, 0% used [0x00000007dec00000,0x00000007dec00000,0x00000007dfd40000)
 ParOldGen       total 70528K, used 40915K [0x0000000700000000, 0x00000007044e0000, 0x00000007c0000000)
  object space 70528K, 58% used [0x0000000700000000,0x00000007027f4c90,0x00000007044e0000)
 PSPermGen       total 87808K, used 50031K [0x00000006f8000000, 0x00000006fd5c0000, 0x0000000700000000)
  object space 87808K, 56% used [0x00000006f8000000,0x00000006fb0dbdc0,0x00000006fd5c0000)
}
Event: 20.011 GC heap before
{Heap before GC invocations=17 (full 1):
 PSYoungGen      total 415488K, used 413901K [0x00000007c0000000, 0x00000007dfd40000, 0x0000000800000000)
  eden space 399616K, 100% used [0x00000007c0000000,0x00000007d8640000,0x00000007d8640000)
  from space 15872K, 90% used [0x00000007d8640000,0x00000007d9433478,0x00000007d95c0000)
  to   space 17664K, 0% used [0x00000007dec00000,0x00000007dec00000,0x00000007dfd40000)
 ParOldGen       total 70528K, used 40915K [0x0000000700000000, 0x00000007044e0000, 0x00000007c0000000)
  object space 70528K, 58% used [0x0000000700000000,0x00000007027f4c90,0x00000007044e0000)
 PSPermGen       total 87808K, used 63494K [0x00000006f8000000, 0x00000006fd5c0000, 0x0000000700000000)
  object space 87808K, 72% used [0x00000006f8000000,0x00000006fbe01bd0,0x00000006fd5c0000)
Event: 20.030 GC heap after
Heap after GC invocations=17 (full 1):
 PSYoungGen      total 490944K, used 17635K [0x00000007c0000000, 0x00000007dfef0000, 0x0000000800000000)
  eden space 473280K, 0% used [0x00000007c0000000,0x00000007c0000000,0x00000007dce30000)
  from space 17664K, 99% used [0x00000007dec00000,0x00000007dfd38fa0,0x00000007dfd40000)
  to   space 24960K, 0% used [0x00000007dce30000,0x00000007dce30000,0x00000007de690000)
 ParOldGen       total 70528K, used 53414K [0x0000000700000000, 0x00000007044e0000, 0x00000007c0000000)
  object space 70528K, 75% used [0x0000000700000000,0x0000000703429880,0x00000007044e0000)
 PSPermGen       total 87808K, used 63494K [0x00000006f8000000, 0x00000006fd5c0000, 0x0000000700000000)
  object space 87808K, 72% used [0x00000006f8000000,0x00000006fbe01bd0,0x00000006fd5c0000)
}
Event: 23.888 GC heap before
{Heap before GC invocations=18 (full 1):
 PSYoungGen      total 490944K, used 490915K [0x00000007c0000000, 0x00000007dfef0000, 0x0000000800000000)
  eden space 473280K, 100% used [0x00000007c0000000,0x00000007dce30000,0x00000007dce30000)
  from space 17664K, 99% used [0x00000007dec00000,0x00000007dfd38fa0,0x00000007dfd40000)
  to   space 24960K, 0% used [0x00000007dce30000,0x00000007dce30000,0x00000007de690000)
 ParOldGen       total 70528K, used 53414K [0x0000000700000000, 0x00000007044e0000, 0x00000007c0000000)
  object space 70528K, 75% used [0x0000000700000000,0x0000000703429880,0x00000007044e0000)
 PSPermGen       total 87808K, used 79469K [0x00000006f8000000, 0x00000006fd5c0000, 0x0000000700000000)
  object space 87808K, 90% used [0x00000006f8000000,0x00000006fcd9b678,0x00000006fd5c0000)
Event: 23.924 GC heap after
Heap after GC invocations=18 (full 1):
 PSYoungGen      total 498240K, used 24946K [0x00000007c0000000, 0x00000007e4cd0000, 0x0000000800000000)
  eden space 473280K, 0% used [0x00000007c0000000,0x00000007c0000000,0x00000007dce30000)
  from space 24960K, 99% used [0x00000007dce30000,0x00000007de68c930,0x00000007de690000)
  to   space 35840K, 0% used [0x00000007e29d0000,0x00000007e29d0000,0x00000007e4cd0000)
 ParOldGen       total 71872K, used 71849K [0x0000000700000000, 0x0000000704630000, 0x00000007c0000000)
  object space 71872K, 99% used [0x0000000700000000,0x000000070462a438,0x0000000704630000)
 PSPermGen       total 87808K, used 79469K [0x00000006f8000000, 0x00000006fd5c0000, 0x0000000700000000)
  object space 87808K, 90% used [0x00000006f8000000,0x00000006fcd9b678,0x00000006fd5c0000)
}
Event: 23.924 GC heap before
{Heap before GC invocations=19 (full 2):
 PSYoungGen      total 498240K, used 24946K [0x00000007c0000000, 0x00000007e4cd0000, 0x0000000800000000)
  eden space 473280K, 0% used [0x00000007c0000000,0x00000007c0000000,0x00000007dce30000)
  from space 24960K, 99% used [0x00000007dce30000,0x00000007de68c930,0x00000007de690000)
  to   space 35840K, 0% used [0x00000007e29d0000,0x00000007e29d0000,0x00000007e4cd0000)
 ParOldGen       total 71872K, used 71849K [0x0000000700000000, 0x0000000704630000, 0x00000007c0000000)
  object space 71872K, 99% used [0x0000000700000000,0x000000070462a438,0x0000000704630000)
 PSPermGen       total 87808K, used 79469K [0x00000006f8000000, 0x00000006fd5c0000, 0x0000000700000000)
  object space 87808K, 90% used [0x00000006f8000000,0x00000006fcd9b678,0x00000006fd5c0000)
Event: 24.084 GC heap after
Heap after GC invocations=19 (full 2):
 PSYoungGen      total 498240K, used 0K [0x00000007c0000000, 0x00000007e4cd0000, 0x0000000800000000)
  eden space 473280K, 0% used [0x00000007c0000000,0x00000007c0000000,0x00000007dce30000)
  from space 24960K, 0% used [0x00000007dce30000,0x00000007dce30000,0x00000007de690000)
  to   space 35840K, 0% used [0x00000007e29d0000,0x00000007e29d0000,0x00000007e4cd0000)
 ParOldGen       total 112128K, used 63393K [0x0000000700000000, 0x0000000706d80000, 0x00000007c0000000)
  object space 112128K, 56% used [0x0000000700000000,0x0000000703de84c0,0x0000000706d80000)
 PSPermGen       total 125312K, used 79455K [0x00000006f8000000, 0x00000006ffa60000, 0x0000000700000000)
  object space 125312K, 63% used [0x00000006f8000000,0x00000006fcd97f80,0x00000006ffa60000)
}

