# JRE version: 7.0_11-b21
# Java VM: Java HotSpot(TM) 64-Bit Server VM (23.6-b04 mixed mode windows-amd64 compressed oops)
Heap
 PSYoungGen      total 74432K, used 18081K [0x00000000fa000000, 0x0000000100000000, 0x0000000100000000)
  eden space 54656K, 30% used [0x00000000fa000000,0x00000000fb016cb8,0x00000000fd560000)
  from space 19776K, 8% used [0x00000000fd560000,0x00000000fd6f18c8,0x00000000fe8b0000)
  to   space 19136K, 0% used [0x00000000fed50000,0x00000000fed50000,0x0000000100000000)
 ParOldGen       total 109184K, used 63313K [0x00000000e8000000, 0x00000000eeaa0000, 0x00000000fa000000)
  object space 109184K, 57% used [0x00000000e8000000,0x00000000ebdd4600,0x00000000eeaa0000)
 PSPermGen       total 130368K, used 85071K [0x00000000e0000000, 0x00000000e7f50000, 0x00000000e8000000)
  object space 130368K, 65% used [0x00000000e0000000,0x00000000e5313ea8,0x00000000e7f50000)
GC Heap History (10 events):
Event: 59.274 GC heap before
{Heap before GC invocations=714 (full 6):
 PSYoungGen      total 81536K, used 76842K [0x00000000fa000000, 0x0000000100000000, 0x0000000100000000)
  eden space 66368K, 100% used [0x00000000fa000000,0x00000000fe0d0000,0x00000000fe0d0000)
  from space 15168K, 69% used [0x00000000fe0d0000,0x00000000feb0a938,0x00000000fefa0000)
  to   space 16576K, 0% used [0x00000000fefd0000,0x00000000fefd0000,0x0000000100000000)
 ParOldGen       total 93504K, used 75200K [0x00000000e8000000, 0x00000000edb50000, 0x00000000fa000000)
  object space 93504K, 80% used [0x00000000e8000000,0x00000000ec970120,0x00000000edb50000)
 PSPermGen       total 131072K, used 83599K [0x00000000e0000000, 0x00000000e8000000, 0x00000000e8000000)
  object space 131072K, 63% used [0x00000000e0000000,0x00000000e51a3f10,0x00000000e8000000)
Event: 59.279 GC heap after
Heap after GC invocations=714 (full 6):
 PSYoungGen      total 69696K, used 16561K [0x00000000fa000000, 0x0000000100000000, 0x0000000100000000)
  eden space 53120K, 0% used [0x00000000fa000000,0x00000000fa000000,0x00000000fd3e0000)
  from space 16576K, 99% used [0x00000000fefd0000,0x00000000ffffc688,0x0000000100000000)
  to   space 22592K, 0% used [0x00000000fd3e0000,0x00000000fd3e0000,0x00000000fe9f0000)
 ParOldGen       total 93504K, used 82456K [0x00000000e8000000, 0x00000000edb50000, 0x00000000fa000000)
  object space 93504K, 88% used [0x00000000e8000000,0x00000000ed0861a8,0x00000000edb50000)
 PSPermGen       total 131072K, used 83599K [0x00000000e0000000, 0x00000000e8000000, 0x00000000e8000000)
  object space 131072K, 63% used [0x00000000e0000000,0x00000000e51a3f10,0x00000000e8000000)
}
Event: 59.279 GC heap before
{Heap before GC invocations=715 (full 7):
 PSYoungGen      total 69696K, used 16561K [0x00000000fa000000, 0x0000000100000000, 0x0000000100000000)
  eden space 53120K, 0% used [0x00000000fa000000,0x00000000fa000000,0x00000000fd3e0000)
  from space 16576K, 99% used [0x00000000fefd0000,0x00000000ffffc688,0x0000000100000000)
  to   space 22592K, 0% used [0x00000000fd3e0000,0x00000000fd3e0000,0x00000000fe9f0000)
 ParOldGen       total 93504K, used 82456K [0x00000000e8000000, 0x00000000edb50000, 0x00000000fa000000)
  object space 93504K, 88% used [0x00000000e8000000,0x00000000ed0861a8,0x00000000edb50000)
 PSPermGen       total 131072K, used 83599K [0x00000000e0000000, 0x00000000e8000000, 0x00000000e8000000)
  object space 131072K, 63% used [0x00000000e0000000,0x00000000e51a3f10,0x00000000e8000000)
Event: 59.381 GC heap after
Heap after GC invocations=715 (full 7):
 PSYoungGen      total 69696K, used 0K [0x00000000fa000000, 0x0000000100000000, 0x0000000100000000)
  eden space 53120K, 0% used [0x00000000fa000000,0x00000000fa000000,0x00000000fd3e0000)
  from space 16576K, 0% used [0x00000000fefd0000,0x00000000fefd0000,0x0000000100000000)
  to   space 22592K, 0% used [0x00000000fd3e0000,0x00000000fd3e0000,0x00000000fe9f0000)
 ParOldGen       total 109184K, used 60553K [0x00000000e8000000, 0x00000000eeaa0000, 0x00000000fa000000)
  object space 109184K, 55% used [0x00000000e8000000,0x00000000ebb225c0,0x00000000eeaa0000)
 PSPermGen       total 130368K, used 83598K [0x00000000e0000000, 0x00000000e7f50000, 0x00000000e8000000)
  object space 130368K, 64% used [0x00000000e0000000,0x00000000e51a3908,0x00000000e7f50000)
}
Event: 59.452 GC heap before
{Heap before GC invocations=716 (full 7):
 PSYoungGen      total 69696K, used 53120K [0x00000000fa000000, 0x0000000100000000, 0x0000000100000000)
  eden space 53120K, 100% used [0x00000000fa000000,0x00000000fd3e0000,0x00000000fd3e0000)
  from space 16576K, 0% used [0x00000000fefd0000,0x00000000fefd0000,0x0000000100000000)
  to   space 22592K, 0% used [0x00000000fd3e0000,0x00000000fd3e0000,0x00000000fe9f0000)
 ParOldGen       total 109184K, used 60553K [0x00000000e8000000, 0x00000000eeaa0000, 0x00000000fa000000)
  object space 109184K, 55% used [0x00000000e8000000,0x00000000ebb225c0,0x00000000eeaa0000)
 PSPermGen       total 130368K, used 84509K [0x00000000e0000000, 0x00000000e7f50000, 0x00000000e8000000)
  object space 130368K, 64% used [0x00000000e0000000,0x00000000e52874b8,0x00000000e7f50000)
Event: 59.456 GC heap after
Heap after GC invocations=716 (full 7):
 PSYoungGen      total 75712K, used 5613K [0x00000000fa000000, 0x0000000100000000, 0x0000000100000000)
  eden space 53120K, 0% used [0x00000000fa000000,0x00000000fa000000,0x00000000fd3e0000)
  from space 22592K, 24% used [0x00000000fd3e0000,0x00000000fd95b578,0x00000000fe9f0000)
  to   space 21056K, 0% used [0x00000000feb70000,0x00000000feb70000,0x0000000100000000)
 ParOldGen       total 109184K, used 60561K [0x00000000e8000000, 0x00000000eeaa0000, 0x00000000fa000000)
  object space 109184K, 55% used [0x00000000e8000000,0x00000000ebb245c0,0x00000000eeaa0000)
 PSPermGen       total 130368K, used 84509K [0x00000000e0000000, 0x00000000e7f50000, 0x00000000e8000000)
  object space 130368K, 64% used [0x00000000e0000000,0x00000000e52874b8,0x00000000e7f50000)
}
Event: 59.518 GC heap before
{Heap before GC invocations=717 (full 7):
 PSYoungGen      total 75712K, used 58733K [0x00000000fa000000, 0x0000000100000000, 0x0000000100000000)
  eden space 53120K, 100% used [0x00000000fa000000,0x00000000fd3e0000,0x00000000fd3e0000)
  from space 22592K, 24% used [0x00000000fd3e0000,0x00000000fd95b578,0x00000000fe9f0000)
  to   space 21056K, 0% used [0x00000000feb70000,0x00000000feb70000,0x0000000100000000)
 ParOldGen       total 109184K, used 60561K [0x00000000e8000000, 0x00000000eeaa0000, 0x00000000fa000000)
  object space 109184K, 55% used [0x00000000e8000000,0x00000000ebb245c0,0x00000000eeaa0000)
 PSPermGen       total 130368K, used 84833K [0x00000000e0000000, 0x00000000e7f50000, 0x00000000e8000000)
  object space 130368K, 65% used [0x00000000e0000000,0x00000000e52d8418,0x00000000e7f50000)
Event: 59.522 GC heap after
Heap after GC invocations=717 (full 7):
 PSYoungGen      total 71616K, used 5120K [0x00000000fa000000, 0x00000000ffc00000, 0x0000000100000000)
  eden space 54656K, 0% used [0x00000000fa000000,0x00000000fa000000,0x00000000fd560000)
  from space 16960K, 30% used [0x00000000feb70000,0x00000000ff070080,0x00000000ffc00000)
  to   space 19776K, 0% used [0x00000000fd560000,0x00000000fd560000,0x00000000fe8b0000)
 ParOldGen       total 109184K, used 62993K [0x00000000e8000000, 0x00000000eeaa0000, 0x00000000fa000000)
  object space 109184K, 57% used [0x00000000e8000000,0x00000000ebd84600,0x00000000eeaa0000)
 PSPermGen       total 130368K, used 84833K [0x00000000e0000000, 0x00000000e7f50000, 0x00000000e8000000)
  object space 130368K, 65% used [0x00000000e0000000,0x00000000e52d8418,0x00000000e7f50000)
}
Event: 59.561 GC heap before
{Heap before GC invocations=718 (full 7):
 PSYoungGen      total 71616K, used 59776K [0x00000000fa000000, 0x00000000ffc00000, 0x0000000100000000)
  eden space 54656K, 100% used [0x00000000fa000000,0x00000000fd560000,0x00000000fd560000)
  from space 16960K, 30% used [0x00000000feb70000,0x00000000ff070080,0x00000000ffc00000)
  to   space 19776K, 0% used [0x00000000fd560000,0x00000000fd560000,0x00000000fe8b0000)
 ParOldGen       total 109184K, used 62993K [0x00000000e8000000, 0x00000000eeaa0000, 0x00000000fa000000)
  object space 109184K, 57% used [0x00000000e8000000,0x00000000ebd84600,0x00000000eeaa0000)
 PSPermGen       total 130368K, used 84939K [0x00000000e0000000, 0x00000000e7f50000, 0x00000000e8000000)
  object space 130368K, 65% used [0x00000000e0000000,0x00000000e52f2fc0,0x00000000e7f50000)
Event: 59.564 GC heap after
Heap after GC invocations=718 (full 7):
 PSYoungGen      total 74432K, used 1606K [0x00000000fa000000, 0x0000000100000000, 0x0000000100000000)
  eden space 54656K, 0% used [0x00000000fa000000,0x00000000fa000000,0x00000000fd560000)
  from space 19776K, 8% used [0x00000000fd560000,0x00000000fd6f18c8,0x00000000fe8b0000)
  to   space 19136K, 0% used [0x00000000fed50000,0x00000000fed50000,0x0000000100000000)
 ParOldGen       total 109184K, used 63313K [0x00000000e8000000, 0x00000000eeaa0000, 0x00000000fa000000)
  object space 109184K, 57% used [0x00000000e8000000,0x00000000ebdd4600,0x00000000eeaa0000)
 PSPermGen       total 130368K, used 84939K [0x00000000e0000000, 0x00000000e7f50000, 0x00000000e8000000)
  object space 130368K, 65% used [0x00000000e0000000,0x00000000e52f2fc0,0x00000000e7f50000)
}

